<?xml version="1.0" encoding="UTF-8"?>
<!-- Generated by org.testng.reporters.JUnitXMLReporter -->
<testsuite ignored="0" hostname="SPNXIN-4CDJ924" failures="1" tests="3" name="Test" time="117.882" errors="0" timestamp="2024-09-02T12:35:26 IST">
  <testcase classname="api.test.ShawTests" name="PayloadReport_ThirdParty" time="59.082"/>
  <testcase classname="api.test.ShawTests" name="PayloadReport_ThirdParty" time="31.383"/>
  <testcase classname="api.test.ShawTests" name="PayloadReport_ThirdParty" time="25.642">
    <failure type="java.lang.AssertionError" message="expected [] but found [null]">
      <![CDATA[java.lang.AssertionError: expected [] but found [null]
at api.test.ShawTests.PayloadReport_ThirdParty(ShawTests.java:114)
at java.base/java.util.ArrayList.forEach(ArrayList.java:1597)
... Removed 35 stack frames]]>
    </failure>
  </testcase> <!-- PayloadReport_ThirdParty -->
</testsuite> <!-- Test -->
