<?xml version="1.0" encoding="UTF-8"?>
<testsuite xmlns:xsi="http://www.w3.org/2001/XMLSchema-instance" xsi:noNamespaceSchemaLocation="https://maven.apache.org/surefire/maven-surefire-plugin/xsd/surefire-test-report.xsd" version="3.0.2" name="TestSuite" time="119.066" tests="3" errors="0" skipped="0" failures="1">
  <properties>
[...]
</properties>
  <testcase name="PayloadReport_ThirdParty[Third_Party, CG-SH3-264f, 2, ./ExpectedOutput/ExpectedBody.txt](1)" classname="api.test.ShawTests" time="59.106">
    <system-out><![CDATA[2024-09-02T07:03:28.799204100Z main ERROR Log4j2 could not find a logging implementation. Please add log4j-core to the classpath. Using SimpleLogger to log to the console...
{
    "Summary": [
        [
            "Date",
            "2024-09-02 17:04:24"
        ],
        [
            "User",
            "SPATIALNETWORX\\rakk0001"
        ],
        [
            "Request URL",
            "http://10.246.4.103/spatialSTORM/spatialSUITE/v8_6_2/custom/PayloadReport?ReportType=Third_Party&Sheath=CG-SH3-264f&Segment=2"
        ],
        [
            "Request Processing time (s)",
            27.5970536
        ]
    ],
    "Issues": [
        
    ],
    "Data": [
        {
            "PAYLOAD": "PIF-11283",
            "SHEATH": "CG-SH3-264f",
            "NOTES": "Gulf Canada Square",
            "FIBRE_SYSTEM": "CG-10:CG-467:fs7",
            "BUFFER": "Blue",
            "FIBRE": "Blue",
            "END": "CG-10-1-1",
            "START": "CG-1739-1-4",
            "FIBRE_OWNER": "Group Telecom"
        },
        {
            "PAYLOAD": "PIF-11283",
            "SHEATH": "CG-SH3-264f",
            "NOTES": "Gulf Canada Square",
            "FIBRE_SYSTEM": "CG-10:CG-467:fs7",
            "BUFFER": "Blue",
            "FIBRE": "Orange",
            "END": "CG-10-1-1",
            "START": "CG-1739-1-4",
            "FIBRE_OWNER": "Group Telecom"
        },
        {
            "PAYLOAD": "PIF-11298",
            "SHEATH": "CG-SH3-264f",
            "NOTES": "CPR0004CGE",
            "FIBRE_SYSTEM": "CG-10:CG-467:fs3",
            "BUFFER": "Blue",
            "FIBRE": "Green",
            "END": "CG-10-1-1",
            "START": "CG-1739-1-4",
            "FIBRE_OWNER": "Group Telecom"
        },
        {
            "PAYLOAD": "PIF-11298",
            "SHEATH": "CG-SH3-264f",
            "NOTES": "CPR0004CGE",
            "FIBRE_SYSTEM": "CG-10:CG-467:fs3",
            "BUFFER": "Blue",
            "FIBRE": "Brown",
            "END": "CG-10-1-1",
            "START": "CG-1739-1-4",
            "FIBRE_OWNER": "Group Telecom"
        },
        {
            "PAYLOAD": "PIF-10146",
            "SHEATH": "CG-SH3-264f",
            "NOTES": "Royal Park Tower",
            "FIBRE_SYSTEM": "CG-10:CG-497:fs1",
            "BUFFER": "Blue",
            "FIBRE": "Slate",
            "END": "CG-10-1-1",
            "START": "CG-1739-1-4",
            "FIBRE_OWNER": "Group Telecom"
        },
        {
            "PAYLOAD": "PIF-10146",
            "SHEATH": "CG-SH3-264f",
            "NOTES": "Royal Park Tower",
            "FIBRE_SYSTEM": "CG-10:CG-497:fs1",
            "BUFFER": "Blue",
            "FIBRE": "White",
            "END": "CG-10-1-1",
            "START": "CG-1739-1-4",
            "FIBRE_OWNER": "Group Telecom"
        },
        {
            "PAYLOAD": "PIF-10021",
            "SHEATH": "CG-SH3-264f",
            "NOTES": "Nova Chem Bldg",
            "FIBRE_SYSTEM": "CG-10:CG-611:fs1",
            "BUFFER": "Blue",
            "FIBRE": "Red",
            "END": "CG-10-1-1",
            "START": "CG-1739-1-4",
            "FIBRE_OWNER": "Group Telecom"
        },
        {
            "PAYLOAD": "PIF-10021",
            "SHEATH": "CG-SH3-264f",
            "NOTES": "Nova Chem Bldg",
            "FIBRE_SYSTEM": "CG-10:CG-611:fs1",
            "BUFFER": "Blue",
            "FIBRE": "Black",
            "END": "CG-10-1-1",
            "START": "CG-1739-1-4",
            "FIBRE_OWNER": "Group Telecom"
        },
        {
            "PAYLOAD": "PIF-10868",
            "SHEATH": "CG-SH3-264f",
            "NOTES": "Bankers Hall",
            "FIBRE_SYSTEM": "CG-10:CG-260:fs3",
            "BUFFER": "Blue",
            "FIBRE": "Yellow",
            "END": "CG-10-1-1",
            "START": "CG-1739-1-4",
            "FIBRE_OWNER": "Group Telecom"
        },
        {
            "PAYLOAD": "PIF-10868",
            "SHEATH": "CG-SH3-264f",
            "NOTES": "Bankers Hall",
            "FIBRE_SYSTEM": "CG-10:CG-260:fs3",
            "BUFFER": "Blue",
            "FIBRE": "Violet",
            "END": "CG-10-1-1",
            "START": "CG-1739-1-4",
            "FIBRE_OWNER": "Group Telecom"
        },
        {
            "PAYLOAD": "81915",
            "SHEATH": "CG-SH3-264f",
            "NOTES": "Bell IDP U06633",
            "FIBRE_SYSTEM": "CG-10:CG-88:fs19",
            "BUFFER": "Blue",
            "FIBRE": "Rose",
            "END": "CG-10-1-1",
            "START": "CG-1739-1-4",
            "FIBRE_OWNER": "Group Telecom"
        },
        {
            "PAYLOAD": "81915",
            "SHEATH": "CG-SH3-264f",
            "NOTES": "Bell IDP U06633",
            "FIBRE_SYSTEM": "CG-10:CG-88:fs19",
            "BUFFER": "Blue",
            "FIBRE": "Aqua",
            "END": "CG-10-1-1",
            "START": "CG-1739-1-4",
            "FIBRE_OWNER": "Group Telecom"
        },
        {
            "PAYLOAD": "1275",
            "SHEATH": "CG-SH3-264f",
            "NOTES": "Western Gas Tower",
            "FIBRE_SYSTEM": "CG-10:CG-749:fs8",
            "BUFFER": "Orange",
            "FIBRE": "Blue",
            "END": "CG-10-1-1",
            "START": "CG-1739-1-4",
            "FIBRE_OWNER": "Group Telecom"
        },
        {
            "PAYLOAD": "1275",
            "SHEATH": "CG-SH3-264f",
            "NOTES": "Western Gas Tower",
            "FIBRE_SYSTEM": "CG-10:CG-749:fs8",
            "BUFFER": "Orange",
            "FIBRE": "Orange",
            "END": "CG-10-1-1",
            "START": "CG-1739-1-4",
            "FIBRE_OWNER": "Group Telecom"
        },
        {
            "PAYLOAD": "PIF-11359",
            "SHEATH": "CG-SH3-264f",
            "NOTES": "Manulife House II",
            "FIBRE_SYSTEM": "CG-10:CG-365xx:fs2",
            "BUFFER": "Orange",
            "FIBRE": "Green",
            "END": "CG-10-1-1",
            "START": "CG-1739-1-4",
            "FIBRE_OWNER": "Group Telecom"
        },
        {
            "PAYLOAD": "PIF-11359",
            "SHEATH": "CG-SH3-264f",
            "NOTES": "Manulife House II",
            "FIBRE_SYSTEM": "CG-10:CG-365xx:fs2",
            "BUFFER": "Orange",
            "FIBRE": "Brown",
            "END": "CG-10-1-1",
            "START": "CG-1739-1-4",
            "FIBRE_OWNER": "Group Telecom"
        },
        {
            "PAYLOAD": "PIF-10598",
            "SHEATH": "CG-SH3-264f",
            "NOTES": "Sprint",
            "FIBRE_SYSTEM": "CG-10:CG-88:fs3",
            "BUFFER": "Orange",
            "FIBRE": "Slate",
            "END": "CG-10-1-1",
            "START": "CG-1739-1-4",
            "FIBRE_OWNER": "Group Telecom"
        },
        {
            "PAYLOAD": "PIF-10598",
            "SHEATH": "CG-SH3-264f",
            "NOTES": "Sprint",
            "FIBRE_SYSTEM": "CG-10:CG-88:fs3",
            "BUFFER": "Orange",
            "FIBRE": "White",
            "END": "CG-10-1-1",
            "START": "CG-1739-1-4",
            "FIBRE_OWNER": "Group Telecom"
        },
        {
            "PAYLOAD": "PIF-1490",
            "SHEATH": "CG-SH3-264f",
            "NOTES": "Scotia Centre",
            "FIBRE_SYSTEM": "CG-10:CG-556:fs1",
            "BUFFER": "Orange",
            "FIBRE": "Red",
            "END": "CG-10-1-1",
            "START": "CG-1739-1-4",
            "FIBRE_OWNER": "Group Telecom"
        },
        {
            "PAYLOAD": "PIF-1490",
            "SHEATH": "CG-SH3-264f",
            "NOTES": "Scotia Centre",
            "FIBRE_SYSTEM": "CG-10:CG-556:fs1",
            "BUFFER": "Orange",
            "FIBRE": "Black",
            "END": "CG-10-1-1",
            "START": "CG-1739-1-4",
            "FIBRE_OWNER": "Group Telecom"
        },
        {
            "PAYLOAD": null,
            "SHEATH": "CG-SH3-264f",
            "NOTES": "Group Telecom",
            "FIBRE_SYSTEM": null,
            "BUFFER": "Orange",
            "FIBRE": "Rose",
            "END": "CG-10-1-1",
            "START": "CG-1739-1-4",
            "FIBRE_OWNER": "Group Telecom"
        },
        {
            "PAYLOAD": null,
            "SHEATH": "CG-SH3-264f",
            "NOTES": "Group Telecom",
            "FIBRE_SYSTEM": null,
            "BUFFER": "Orange",
            "FIBRE": "Aqua",
            "END": "CG-10-1-1",
            "START": "CG-1739-1-4",
            "FIBRE_OWNER": "Group Telecom"
        },
        {
            "PAYLOAD": null,
            "SHEATH": "CG-SH3-264f",
            "NOTES": null,
            "FIBRE_SYSTEM": null,
            "BUFFER": "Green",
            "FIBRE": "Blue",
            "END": "CG-10-1-1",
            "START": "CG-1739-1-4",
            "FIBRE_OWNER": "Group Telecom"
        },
        {
            "PAYLOAD": null,
            "SHEATH": "CG-SH3-264f",
            "NOTES": null,
            "FIBRE_SYSTEM": null,
            "BUFFER": "Green",
            "FIBRE": "Orange",
            "END": "CG-10-1-1",
            "START": "CG-1739-1-4",
            "FIBRE_OWNER": "Group Telecom"
        },
        {
            "PAYLOAD": "PIF-10942",
            "SHEATH": "CG-SH3-264f",
            "NOTES": "Cascade Bldg",
            "FIBRE_SYSTEM": "CG-10:CG-429:fs1",
            "BUFFER": "Green",
            "FIBRE": "Green",
            "END": "CG-10-1-1",
            "START": "CG-1739-1-4",
            "FIBRE_OWNER": "Group Telecom"
        },
        {
            "PAYLOAD": "PIF-10942",
            "SHEATH": "CG-SH3-264f",
            "NOTES": "Cascade Bldg",
            "FIBRE_SYSTEM": "CG-10:CG-429:fs1",
            "BUFFER": "Green",
            "FIBRE": "Brown",
            "END": "CG-10-1-1",
            "START": "CG-1739-1-4",
            "FIBRE_OWNER": "Group Telecom"
        },
        {
            "PAYLOAD": "PIF-10182",
            "SHEATH": "CG-SH3-264f",
            "NOTES": "Dorchester Sq",
            "FIBRE_SYSTEM": "CG-10:CG-456:fs1",
            "BUFFER": "Green",
            "FIBRE": "Slate",
            "END": "CG-10-1-1",
            "START": "CG-1739-1-4",
            "FIBRE_OWNER": "Group Telecom"
        },
        {
            "PAYLOAD": null,
            "SHEATH": "CG-SH3-264f",
            "NOTES": "Dorchester Sq",
            "FIBRE_SYSTEM": null,
            "BUFFER": "Green",
            "FIBRE": "White",
            "END": "CG-10-1-1",
            "START": "CG-1739-1-4",
            "FIBRE_OWNER": "Group Telecom"
        },
        {
            "PAYLOAD": "PIF-10501",
            "SHEATH": "CG-SH3-264f",
            "NOTES": "1st West Profsl Bldg",
            "FIBRE_SYSTEM": "CG-10:CG-710:fs1",
            "BUFFER": "Green",
            "FIBRE": "Red",
            "END": "CG-10-1-1",
            "START": "CG-1739-1-4",
            "FIBRE_OWNER": "Group Telecom"
        },
        {
            "PAYLOAD": "PIF-10501",
            "SHEATH": "CG-SH3-264f",
            "NOTES": "1st West Profsl Bldg",
            "FIBRE_SYSTEM": "CG-10:CG-710:fs1",
            "BUFFER": "Green",
            "FIBRE": "Black",
            "END": "CG-10-1-1",
            "START": "CG-1739-1-4",
            "FIBRE_OWNER": "Group Telecom"
        },
        {
            "PAYLOAD": null,
            "SHEATH": "CG-SH3-264f",
            "NOTES": null,
            "FIBRE_SYSTEM": null,
            "BUFFER": "Green",
            "FIBRE": "Yellow",
            "END": "CG-10-1-1",
            "START": "CG-1739-1-4",
            "FIBRE_OWNER": "Group Telecom"
        },
        {
            "PAYLOAD": null,
            "SHEATH": "CG-SH3-264f",
            "NOTES": null,
            "FIBRE_SYSTEM": null,
            "BUFFER": "Green",
            "FIBRE": "Violet",
            "END": "CG-10-1-1",
            "START": "CG-1739-1-4",
            "FIBRE_OWNER": "Group Telecom"
        },
        {
            "PAYLOAD": null,
            "SHEATH": "CG-SH3-264f",
            "NOTES": null,
            "FIBRE_SYSTEM": null,
            "BUFFER": "Green",
            "FIBRE": "Rose",
            "END": "CG-10-1-1",
            "START": "CG-1739-1-4",
            "FIBRE_OWNER": "Group Telecom"
        },
        {
            "PAYLOAD": null,
            "SHEATH": "CG-SH3-264f",
            "NOTES": null,
            "FIBRE_SYSTEM": null,
            "BUFFER": "Green",
            "FIBRE": "Aqua",
            "END": "CG-10-1-1",
            "START": "CG-1739-1-4",
            "FIBRE_OWNER": "Group Telecom"
        },
        {
            "PAYLOAD": "PIF-11111",
            "SHEATH": "CG-SH3-264f",
            "NOTES": "Smart Technologies",
            "FIBRE_SYSTEM": "CG-10:CG-1058:fs1",
            "BUFFER": "Brown",
            "FIBRE": "Blue",
            "END": "CG-10-1-1",
            "START": "CG-1739-1-4",
            "FIBRE_OWNER": "Group Telecom"
        },
        {
            "PAYLOAD": "PIF-11111",
            "SHEATH": "CG-SH3-264f",
            "NOTES": "Smart Technologies",
            "FIBRE_SYSTEM": "CG-10:CG-1058:fs1",
            "BUFFER": "Brown",
            "FIBRE": "Orange",
            "END": "CG-10-1-1",
            "START": "CG-1739-1-4",
            "FIBRE_OWNER": "Group Telecom"
        },
        {
            "PAYLOAD": "PIF-10567",
            "SHEATH": "CG-SH3-264f",
            "NOTES": "Palliser Sq 1",
            "FIBRE_SYSTEM": "CG-10:CG-721:fs1",
            "BUFFER": "Brown",
            "FIBRE": "Green",
            "END": "CG-10-1-1",
            "START": "CG-1739-1-4",
            "FIBRE_OWNER": "Group Telecom"
        },
        {
            "PAYLOAD": "PIF-10567",
            "SHEATH": "CG-SH3-264f",
            "NOTES": "Palliser Sq 1",
            "FIBRE_SYSTEM": "CG-10:CG-721:fs1",
            "BUFFER": "Brown",
            "FIBRE": "Brown",
            "END": "CG-10-1-1",
            "START": "CG-1739-1-4",
            "FIBRE_OWNER": "Group Telecom"
        },
        {
            "PAYLOAD": null,
            "SHEATH": "CG-SH3-264f",
            "NOTES": null,
            "FIBRE_SYSTEM": null,
            "BUFFER": "Brown",
            "FIBRE": "Slate",
            "END": "CG-10-1-1",
            "START": "CG-1739-1-4",
            "FIBRE_OWNER": "Group Telecom"
        },
        {
            "PAYLOAD": null,
            "SHEATH": "CG-SH3-264f",
            "NOTES": null,
            "FIBRE_SYSTEM": null,
            "BUFFER": "Brown",
            "FIBRE": "White",
            "END": "CG-10-1-1",
            "START": "CG-1739-1-4",
            "FIBRE_OWNER": "Group Telecom"
        },
        {
            "PAYLOAD": "PIF-10391",
            "SHEATH": "CG-SH3-264f",
            "NOTES": "Sutton Hall Bldg",
            "FIBRE_SYSTEM": "CG-10:CG-767:fs1",
            "BUFFER": "Brown",
            "FIBRE": "Red",
            "END": "CG-10-1-1",
            "START": "CG-1739-1-4",
            "FIBRE_OWNER": "Group Telecom"
        },
        {
            "PAYLOAD": "PIF-10391",
            "SHEATH": "CG-SH3-264f",
            "NOTES": "Sutton Hall Bldg",
            "FIBRE_SYSTEM": "CG-10:CG-767:fs1",
            "BUFFER": "Brown",
            "FIBRE": "Black",
            "END": "CG-10-1-1",
            "START": "CG-1739-1-4",
            "FIBRE_OWNER": "Group Telecom"
        },
        {
            "PAYLOAD": "PIF-10322",
            "SHEATH": "CG-SH3-264f",
            "NOTES": "Bankers Hall",
            "FIBRE_SYSTEM": "CG-10:CG-260:fs4",
            "BUFFER": "Brown",
            "FIBRE": "Yellow",
            "END": "CG-10-1-1",
            "START": "CG-1739-1-4",
            "FIBRE_OWNER": "Group Telecom"
        },
        {
            "PAYLOAD": "PIF-10322",
            "SHEATH": "CG-SH3-264f",
            "NOTES": "Bankers Hall",
            "FIBRE_SYSTEM": "CG-10:CG-260:fs4",
            "BUFFER": "Brown",
            "FIBRE": "Violet",
            "END": "CG-10-1-1",
            "START": "CG-1739-1-4",
            "FIBRE_OWNER": "Group Telecom"
        },
        {
            "PAYLOAD": "81915",
            "SHEATH": "CG-SH3-264f",
            "NOTES": "Bell IDP U06633",
            "FIBRE_SYSTEM": "CG-10:CG-88:fs19",
            "BUFFER": "Brown",
            "FIBRE": "Rose",
            "END": "CG-10-1-1",
            "START": "CG-1739-1-4",
            "FIBRE_OWNER": "Group Telecom"
        },
        {
            "PAYLOAD": "81915",
            "SHEATH": "CG-SH3-264f",
            "NOTES": "Bell IDP U06633",
            "FIBRE_SYSTEM": "CG-10:CG-88:fs19",
            "BUFFER": "Brown",
            "FIBRE": "Aqua",
            "END": "CG-10-1-1",
            "START": "CG-1739-1-4",
            "FIBRE_OWNER": "Group Telecom"
        },
        {
            "PAYLOAD": null,
            "SHEATH": "CG-SH3-264f",
            "NOTES": "OC1 Ring",
            "FIBRE_SYSTEM": null,
            "BUFFER": "Slate",
            "FIBRE": "Blue",
            "END": "CG-10-1-1",
            "START": "CG-1739-1-4",
            "FIBRE_OWNER": "Group Telecom"
        },
        {
            "PAYLOAD": null,
            "SHEATH": "CG-SH3-264f",
            "NOTES": "OC1 Ring",
            "FIBRE_SYSTEM": null,
            "BUFFER": "Slate",
            "FIBRE": "Orange",
            "END": "CG-10-1-1",
            "START": "CG-1739-1-4",
            "FIBRE_OWNER": "Group Telecom"
        },
        {
            "PAYLOAD": null,
            "SHEATH": "CG-SH3-264f",
            "NOTES": null,
            "FIBRE_SYSTEM": null,
            "BUFFER": "Slate",
            "FIBRE": "Green",
            "END": "CG-10-1-1",
            "START": "CG-1739-1-4",
            "FIBRE_OWNER": "Group Telecom"
        },
        {
            "PAYLOAD": null,
            "SHEATH": "CG-SH3-264f",
            "NOTES": null,
            "FIBRE_SYSTEM": null,
            "BUFFER": "Slate",
            "FIBRE": "Brown",
            "END": "CG-10-1-1",
            "START": "CG-1739-1-4",
            "FIBRE_OWNER": "Group Telecom"
        },
        {
            "PAYLOAD": null,
            "SHEATH": "CG-SH3-264f",
            "NOTES": null,
            "FIBRE_SYSTEM": null,
            "BUFFER": "Slate",
            "FIBRE": "Slate",
            "END": "CG-10-1-1",
            "START": "CG-1739-1-4",
            "FIBRE_OWNER": "Group Telecom"
        },
        {
            "PAYLOAD": null,
            "SHEATH": "CG-SH3-264f",
            "NOTES": null,
            "FIBRE_SYSTEM": null,
            "BUFFER": "Slate",
            "FIBRE": "White",
            "END": "CG-10-1-1",
            "START": "CG-1739-1-4",
            "FIBRE_OWNER": "Group Telecom"
        },
        {
            "PAYLOAD": null,
            "SHEATH": "CG-SH3-264f",
            "NOTES": null,
            "FIBRE_SYSTEM": null,
            "BUFFER": "Slate",
            "FIBRE": "Red",
            "END": "CG-10-1-1",
            "START": "CG-1739-1-4",
            "FIBRE_OWNER": "Group Telecom"
        },
        {
            "PAYLOAD": null,
            "SHEATH": "CG-SH3-264f",
            "NOTES": null,
            "FIBRE_SYSTEM": null,
            "BUFFER": "Slate",
            "FIBRE": "Black",
            "END": "CG-10-1-1",
            "START": "CG-1739-1-4",
            "FIBRE_OWNER": "Group Telecom"
        },
        {
            "PAYLOAD": "PIF-10514",
            "SHEATH": "CG-SH3-264f",
            "NOTES": "Nova Chemicals",
            "FIBRE_SYSTEM": "CG-10:CG-611:fs3",
            "BUFFER": "Slate",
            "FIBRE": "Yellow",
            "END": "CG-10-1-1",
            "START": "CG-1739-1-4",
            "FIBRE_OWNER": "Group Telecom"
        },
        {
            "PAYLOAD": "PIF-10514",
            "SHEATH": "CG-SH3-264f",
            "NOTES": "Nova Chemicals",
            "FIBRE_SYSTEM": "CG-10:CG-611:fs3",
            "BUFFER": "Slate",
            "FIBRE": "Violet",
            "END": "CG-10-1-1",
            "START": "CG-1739-1-4",
            "FIBRE_OWNER": "Group Telecom"
        },
        {
            "PAYLOAD": "PIF-10107",
            "SHEATH": "CG-SH3-264f",
            "NOTES": "Can OXY Ring",
            "FIBRE_SYSTEM": "CG-218:CG-344:fs2",
            "BUFFER": "Slate",
            "FIBRE": "Rose",
            "END": "CG-10-1-1",
            "START": "CG-1739-1-4",
            "FIBRE_OWNER": "Group Telecom"
        },
        {
            "PAYLOAD": "PIF-10107",
            "SHEATH": "CG-SH3-264f",
            "NOTES": "Can OXY Ring",
            "FIBRE_SYSTEM": "CG-218:CG-344:fs2",
            "BUFFER": "Slate",
            "FIBRE": "Aqua",
            "END": "CG-10-1-1",
            "START": "CG-1739-1-4",
            "FIBRE_OWNER": "Group Telecom"
        },
        {
            "PAYLOAD": "PIF-10587",
            "SHEATH": "CG-SH3-264f",
            "NOTES": "Can West Centre",
            "FIBRE_SYSTEM": "CG-10:CG-860:fs1",
            "BUFFER": "White",
            "FIBRE": "Blue",
            "END": "CG-10-1-1",
            "START": "CG-1739-1-4",
            "FIBRE_OWNER": "Group Telecom"
        },
        {
            "PAYLOAD": "PIF-10587",
            "SHEATH": "CG-SH3-264f",
            "NOTES": "Can West Centre",
            "FIBRE_SYSTEM": "CG-10:CG-860:fs1",
            "BUFFER": "White",
            "FIBRE": "Orange",
            "END": "CG-10-1-1",
            "START": "CG-1739-1-4",
            "FIBRE_OWNER": "Group Telecom"
        },
        {
            "PAYLOAD": "PIF-10649",
            "SHEATH": "CG-SH3-264f",
            "NOTES": "Bankers Hall",
            "FIBRE_SYSTEM": "CG-10:CG-260:fs2",
            "BUFFER": "White",
            "FIBRE": "Green",
            "END": "CG-10-1-1",
            "START": "CG-1739-1-4",
            "FIBRE_OWNER": "Group Telecom"
        },
        {
            "PAYLOAD": "PIF-10649",
            "SHEATH": "CG-SH3-264f",
            "NOTES": "Bankers Hall",
            "FIBRE_SYSTEM": "CG-10:CG-260:fs2",
            "BUFFER": "White",
            "FIBRE": "Brown",
            "END": "CG-10-1-1",
            "START": "CG-1739-1-4",
            "FIBRE_OWNER": "Group Telecom"
        },
        {
            "PAYLOAD": "PIF-10455",
            "SHEATH": "CG-SH3-264f",
            "NOTES": "Fairmore Bldg",
            "FIBRE_SYSTEM": "CG-10:CG-940:fs1",
            "BUFFER": "White",
            "FIBRE": "Red",
            "END": "CG-10-1-1",
            "START": "CG-1739-1-4",
            "FIBRE_OWNER": "Group Telecom"
        },
        {
            "PAYLOAD": "PIF-10455",
            "SHEATH": "CG-SH3-264f",
            "NOTES": "Fairmore Bldg",
            "FIBRE_SYSTEM": "CG-10:CG-940:fs1",
            "BUFFER": "White",
            "FIBRE": "Black",
            "END": "CG-10-1-1",
            "START": "CG-1739-1-4",
            "FIBRE_OWNER": "Group Telecom"
        },
        {
            "PAYLOAD": "PIF-11082",
            "SHEATH": "CG-SH3-264f",
            "NOTES": "CG-10:CG-1019:fs1",
            "FIBRE_SYSTEM": "CG-10:CG-1019:fs1",
            "BUFFER": "White",
            "FIBRE": "Yellow",
            "END": "CG-10-1-1",
            "START": "CG-1739-1-4",
            "FIBRE_OWNER": "Group Telecom"
        },
        {
            "PAYLOAD": "PIF-11082",
            "SHEATH": "CG-SH3-264f",
            "NOTES": "CG-10:CG-1019:fs1",
            "FIBRE_SYSTEM": "CG-10:CG-1019:fs1",
            "BUFFER": "White",
            "FIBRE": "Violet",
            "END": "CG-10-1-1",
            "START": "CG-1739-1-4",
            "FIBRE_OWNER": "Group Telecom"
        },
        {
            "PAYLOAD": "PIF-11196",
            "SHEATH": "CG-SH3-264f",
            "NOTES": "Western Gas Tower",
            "FIBRE_SYSTEM": "CG-10:CG-749:fs3",
            "BUFFER": "White",
            "FIBRE": "Rose",
            "END": "CG-10-1-1",
            "START": "CG-1739-1-4",
            "FIBRE_OWNER": "Group Telecom"
        },
        {
            "PAYLOAD": "PIF-11196",
            "SHEATH": "CG-SH3-264f",
            "NOTES": "Western Gas Tower",
            "FIBRE_SYSTEM": "CG-10:CG-749:fs3",
            "BUFFER": "White",
            "FIBRE": "Aqua",
            "END": "CG-10-1-1",
            "START": "CG-1739-1-4",
            "FIBRE_OWNER": "Group Telecom"
        },
        {
            "PAYLOAD": "PIF-10075",
            "SHEATH": "CG-SH3-264f",
            "NOTES": "TD Square",
            "FIBRE_SYSTEM": "CG-10:CG-468:fs2",
            "BUFFER": "Red",
            "FIBRE": "Blue",
            "END": "CG-10-1-1",
            "START": "CG-1739-1-4",
            "FIBRE_OWNER": "Group Telecom"
        },
        {
            "PAYLOAD": "PIF-10075",
            "SHEATH": "CG-SH3-264f",
            "NOTES": "TD Square",
            "FIBRE_SYSTEM": "CG-10:CG-468:fs2",
            "BUFFER": "Red",
            "FIBRE": "Orange",
            "END": "CG-10-1-1",
            "START": "CG-1739-1-4",
            "FIBRE_OWNER": "Group Telecom"
        },
        {
            "PAYLOAD": "78722",
            "SHEATH": "CG-SH3-264f",
            "NOTES": "Bell IDP U06360.1.1C",
            "FIBRE_SYSTEM": "CG-10:CG-430:fs2",
            "BUFFER": "Red",
            "FIBRE": "Green",
            "END": "CG-10-1-1",
            "START": "CG-1739-1-4",
            "FIBRE_OWNER": "Group Telecom"
        },
        {
            "PAYLOAD": "78722",
            "SHEATH": "CG-SH3-264f",
            "NOTES": "Bell IDP U06360.1.1C",
            "FIBRE_SYSTEM": "CG-10:CG-430:fs2",
            "BUFFER": "Red",
            "FIBRE": "Brown",
            "END": "CG-10-1-1",
            "START": "CG-1739-1-4",
            "FIBRE_OWNER": "Group Telecom"
        },
        {
            "PAYLOAD": null,
            "SHEATH": "CG-SH3-264f",
            "NOTES": null,
            "FIBRE_SYSTEM": null,
            "BUFFER": "Red",
            "FIBRE": "Slate",
            "END": "CG-10-1-1",
            "START": "CG-1739-1-4",
            "FIBRE_OWNER": "Group Telecom"
        },
        {
            "PAYLOAD": null,
            "SHEATH": "CG-SH3-264f",
            "NOTES": null,
            "FIBRE_SYSTEM": null,
            "BUFFER": "Red",
            "FIBRE": "White",
            "END": "CG-10-1-1",
            "START": "CG-1739-1-4",
            "FIBRE_OWNER": "Group Telecom"
        },
        {
            "PAYLOAD": null,
            "SHEATH": "CG-SH3-264f",
            "NOTES": null,
            "FIBRE_SYSTEM": null,
            "BUFFER": "Red",
            "FIBRE": "Red",
            "END": "CG-10-1-1",
            "START": "CG-1739-1-4",
            "FIBRE_OWNER": "Group Telecom"
        },
        {
            "PAYLOAD": "PIF-2799",
            "SHEATH": "CG-SH3-264f",
            "NOTES": "Sprint",
            "FIBRE_SYSTEM": "CG-10:CG-88:fs8",
            "BUFFER": "Red",
            "FIBRE": "Black",
            "END": "CG-10-1-1",
            "START": "CG-1739-1-4",
            "FIBRE_OWNER": "Group Telecom"
        },
        {
            "PAYLOAD": "PIF-10071",
            "SHEATH": "CG-SH3-264f",
            "NOTES": "Gulf Canada Sq",
            "FIBRE_SYSTEM": "CG-10:CG-467:fs1",
            "BUFFER": "Red",
            "FIBRE": "Yellow",
            "END": "CG-10-1-1",
            "START": "CG-1739-1-4",
            "FIBRE_OWNER": "Group Telecom"
        },
        {
            "PAYLOAD": "PIF-10071",
            "SHEATH": "CG-SH3-264f",
            "NOTES": "Gulf Canada Sq",
            "FIBRE_SYSTEM": "CG-10:CG-467:fs1",
            "BUFFER": "Red",
            "FIBRE": "Violet",
            "END": "CG-10-1-1",
            "START": "CG-1739-1-4",
            "FIBRE_OWNER": "Group Telecom"
        },
        {
            "PAYLOAD": "PIF-11069",
            "SHEATH": "CG-SH3-264f",
            "NOTES": "CG-10:CG-260:fs6",
            "FIBRE_SYSTEM": "CG-10:CG-260:fs6",
            "BUFFER": "Red",
            "FIBRE": "Rose",
            "END": "CG-10-1-1",
            "START": "CG-1739-1-4",
            "FIBRE_OWNER": "Group Telecom"
        },
        {
            "PAYLOAD": "PIF-11069",
            "SHEATH": "CG-SH3-264f",
            "NOTES": "CG-10:CG-260:fs6",
            "FIBRE_SYSTEM": "CG-10:CG-260:fs6",
            "BUFFER": "Red",
            "FIBRE": "Aqua",
            "END": "CG-10-1-1",
            "START": "CG-1739-1-4",
            "FIBRE_OWNER": "Group Telecom"
        },
        {
            "PAYLOAD": "PIF-10001",
            "SHEATH": "CG-SH3-264f",
            "NOTES": "Bankers Hall",
            "FIBRE_SYSTEM": "CG-10:CG-260:fs5",
            "BUFFER": "Black",
            "FIBRE": "Blue",
            "END": "CG-10-1-1",
            "START": "CG-1739-1-4",
            "FIBRE_OWNER": "Group Telecom"
        },
        {
            "PAYLOAD": "PIF-10001",
            "SHEATH": "CG-SH3-264f",
            "NOTES": "Bankers Hall",
            "FIBRE_SYSTEM": "CG-10:CG-260:fs5",
            "BUFFER": "Black",
            "FIBRE": "Orange",
            "END": "CG-10-1-1",
            "START": "CG-1739-1-4",
            "FIBRE_OWNER": "Group Telecom"
        },
        {
            "PAYLOAD": "19436",
            "SHEATH": "CG-SH3-264f",
            "NOTES": "GT/Bell SR 19436",
            "FIBRE_SYSTEM": "CG-10:CG-2211:fs4",
            "BUFFER": "Black",
            "FIBRE": "Slate",
            "END": "CG-10-1-1",
            "START": "CG-1739-1-4",
            "FIBRE_OWNER": "Group Telecom"
        },
        {
            "PAYLOAD": "19436",
            "SHEATH": "CG-SH3-264f",
            "NOTES": "GT/Bell SR 19436",
            "FIBRE_SYSTEM": "CG-10:CG-2211:fs4",
            "BUFFER": "Black",
            "FIBRE": "White",
            "END": "CG-10-1-1",
            "START": "CG-1739-1-4",
            "FIBRE_OWNER": "Group Telecom"
        },
        {
            "PAYLOAD": "PIF-10555",
            "SHEATH": "CG-SH3-264f",
            "NOTES": "Bank of Canada Bldg",
            "FIBRE_SYSTEM": "CG-10:CG-818:fs1",
            "BUFFER": "Black",
            "FIBRE": "Red",
            "END": "CG-10-1-1",
            "START": "CG-1739-1-4",
            "FIBRE_OWNER": "Group Telecom"
        },
        {
            "PAYLOAD": "PIF-10555",
            "SHEATH": "CG-SH3-264f",
            "NOTES": "Bank of Canada Bldg",
            "FIBRE_SYSTEM": "CG-10:CG-818:fs1",
            "BUFFER": "Black",
            "FIBRE": "Black",
            "END": "CG-10-1-1",
            "START": "CG-1739-1-4",
            "FIBRE_OWNER": "Group Telecom"
        },
        {
            "PAYLOAD": null,
            "SHEATH": "CG-SH3-264f",
            "NOTES": null,
            "FIBRE_SYSTEM": null,
            "BUFFER": "Black",
            "FIBRE": "Yellow",
            "END": "CG-10-1-1",
            "START": "CG-1739-1-4",
            "FIBRE_OWNER": "Group Telecom"
        },
        {
            "PAYLOAD": null,
            "SHEATH": "CG-SH3-264f",
            "NOTES": null,
            "FIBRE_SYSTEM": null,
            "BUFFER": "Black",
            "FIBRE": "Violet",
            "END": "CG-10-1-1",
            "START": "CG-1739-1-4",
            "FIBRE_OWNER": "Group Telecom"
        },
        {
            "PAYLOAD": null,
            "SHEATH": "CG-SH3-264f",
            "NOTES": null,
            "FIBRE_SYSTEM": null,
            "BUFFER": "Black",
            "FIBRE": "Rose",
            "END": "CG-10-1-1",
            "START": "CG-1739-1-4",
            "FIBRE_OWNER": "Group Telecom"
        },
        {
            "PAYLOAD": null,
            "SHEATH": "CG-SH3-264f",
            "NOTES": null,
            "FIBRE_SYSTEM": null,
            "BUFFER": "Black",
            "FIBRE": "Aqua",
            "END": "CG-10-1-1",
            "START": "CG-1739-1-4",
            "FIBRE_OWNER": "Group Telecom"
        },
        {
            "PAYLOAD": "PIF-11065",
            "SHEATH": "CG-SH3-264f",
            "NOTES": "Eleveden House",
            "FIBRE_SYSTEM": "CG-10:CG-186:fs9",
            "BUFFER": "Yellow",
            "FIBRE": "Blue",
            "END": "CG-10-1-1",
            "START": "CG-1739-1-4",
            "FIBRE_OWNER": "Group Telecom"
        },
        {
            "PAYLOAD": "PIF-11065",
            "SHEATH": "CG-SH3-264f",
            "NOTES": "Eleveden House",
            "FIBRE_SYSTEM": "CG-10:CG-186:fs9",
            "BUFFER": "Yellow",
            "FIBRE": "Orange",
            "END": "CG-10-1-1",
            "START": "CG-1739-1-4",
            "FIBRE_OWNER": "Group Telecom"
        },
        {
            "PAYLOAD": null,
            "SHEATH": "CG-SH3-264f",
            "NOTES": "Group Telecom",
            "FIBRE_SYSTEM": null,
            "BUFFER": "Yellow",
            "FIBRE": "Green",
            "END": "CG-10-1-1",
            "START": "CG-1739-1-4",
            "FIBRE_OWNER": "Group Telecom"
        },
        {
            "PAYLOAD": null,
            "SHEATH": "CG-SH3-264f",
            "NOTES": "Group Telecom",
            "FIBRE_SYSTEM": null,
            "BUFFER": "Yellow",
            "FIBRE": "Brown",
            "END": "CG-10-1-1",
            "START": "CG-1739-1-4",
            "FIBRE_OWNER": "Group Telecom"
        },
        {
            "PAYLOAD": "354",
            "SHEATH": "CG-SH3-264f",
            "NOTES": "Western Gas Tower",
            "FIBRE_SYSTEM": "CG-10:CG-749:fs5",
            "BUFFER": "Yellow",
            "FIBRE": "Slate",
            "END": "CG-10-1-1",
            "START": "CG-1739-1-4",
            "FIBRE_OWNER": "Group Telecom"
        },
        {
            "PAYLOAD": "354",
            "SHEATH": "CG-SH3-264f",
            "NOTES": "Western Gas Tower",
            "FIBRE_SYSTEM": "CG-10:CG-749:fs5",
            "BUFFER": "Yellow",
            "FIBRE": "White",
            "END": "CG-10-1-1",
            "START": "CG-1739-1-4",
            "FIBRE_OWNER": "Group Telecom"
        },
        {
            "PAYLOAD": "PIF-2188",
            "SHEATH": "CG-SH3-264f",
            "NOTES": "ATCO Conf. Centre",
            "FIBRE_SYSTEM": "CG-10:CG-860:fs3",
            "BUFFER": "Yellow",
            "FIBRE": "Red",
            "END": "CG-10-1-1",
            "START": "CG-1739-1-4",
            "FIBRE_OWNER": "Group Telecom"
        },
        {
            "PAYLOAD": "PIF-2188",
            "SHEATH": "CG-SH3-264f",
            "NOTES": "ATCO Conf. Centre",
            "FIBRE_SYSTEM": "CG-10:CG-860:fs3",
            "BUFFER": "Yellow",
            "FIBRE": "Black",
            "END": "CG-10-1-1",
            "START": "CG-1739-1-4",
            "FIBRE_OWNER": "Group Telecom"
        },
        {
            "PAYLOAD": "1343",
            "SHEATH": "CG-SH3-264f",
            "NOTES": "Infonet-Nova bunker",
            "FIBRE_SYSTEM": "CG-10:CG-611:fs5",
            "BUFFER": "Yellow",
            "FIBRE": "Yellow",
            "END": "CG-10-1-1",
            "START": "CG-1739-1-4",
            "FIBRE_OWNER": "Group Telecom"
        },
        {
            "PAYLOAD": "1343",
            "SHEATH": "CG-SH3-264f",
            "NOTES": "Infonet-Nova bunker",
            "FIBRE_SYSTEM": "CG-10:CG-611:fs5",
            "BUFFER": "Yellow",
            "FIBRE": "Violet",
            "END": "CG-10-1-1",
            "START": "CG-1739-1-4",
            "FIBRE_OWNER": "Group Telecom"
        },
        {
            "PAYLOAD": "1645",
            "SHEATH": "CG-SH3-264f",
            "NOTES": "Rocky Mtn Plaza",
            "FIBRE_SYSTEM": "CG-10:CG-622:fs5",
            "BUFFER": "Yellow",
            "FIBRE": "Rose",
            "END": "CG-10-1-1",
            "START": "CG-1739-1-4",
            "FIBRE_OWNER": "Group Telecom"
        },
        {
            "PAYLOAD": "1645",
            "SHEATH": "CG-SH3-264f",
            "NOTES": "Rocky Mtn Plaza",
            "FIBRE_SYSTEM": "CG-10:CG-622:fs5",
            "BUFFER": "Yellow",
            "FIBRE": "Aqua",
            "END": "CG-10-1-1",
            "START": "CG-1739-1-4",
            "FIBRE_OWNER": "Group Telecom"
        },
        {
            "PAYLOAD": "7485",
            "SHEATH": "CG-SH3-264f",
            "NOTES": "Telus Bunker: GT",
            "FIBRE_SYSTEM": "CG-10:CG-611:fs7",
            "BUFFER": "Violet",
            "FIBRE": "Blue",
            "END": "CG-10-1-1",
            "START": "CG-1739-1-4",
            "FIBRE_OWNER": "Group Telecom"
        },
        {
            "PAYLOAD": "7485",
            "SHEATH": "CG-SH3-264f",
            "NOTES": "Telus Bunker: GT",
            "FIBRE_SYSTEM": "CG-10:CG-611:fs7",
            "BUFFER": "Violet",
            "FIBRE": "Orange",
            "END": "CG-10-1-1",
            "START": "CG-1739-1-4",
            "FIBRE_OWNER": "Group Telecom"
        },
        {
            "PAYLOAD": null,
            "SHEATH": "CG-SH3-264f",
            "NOTES": null,
            "FIBRE_SYSTEM": null,
            "BUFFER": "Violet",
            "FIBRE": "Green",
            "END": "CG-10-1-1",
            "START": "CG-1739-1-4",
            "FIBRE_OWNER": "Group Telecom"
        },
        {
            "PAYLOAD": null,
            "SHEATH": "CG-SH3-264f",
            "NOTES": null,
            "FIBRE_SYSTEM": null,
            "BUFFER": "Violet",
            "FIBRE": "Brown",
            "END": "CG-10-1-1",
            "START": "CG-1739-1-4",
            "FIBRE_OWNER": "Group Telecom"
        },
        {
            "PAYLOAD": "1275",
            "SHEATH": "CG-SH3-264f",
            "NOTES": "Western Gas Tower",
            "FIBRE_SYSTEM": "CG-10:CG-749:fs7",
            "BUFFER": "Violet",
            "FIBRE": "Slate",
            "END": "CG-10-1-1",
            "START": "CG-1739-1-4",
            "FIBRE_OWNER": "Group Telecom"
        },
        {
            "PAYLOAD": "1275",
            "SHEATH": "CG-SH3-264f",
            "NOTES": "Western Gas Tower",
            "FIBRE_SYSTEM": "CG-10:CG-749:fs7",
            "BUFFER": "Violet",
            "FIBRE": "White",
            "END": "CG-10-1-1",
            "START": "CG-1739-1-4",
            "FIBRE_OWNER": "Group Telecom"
        },
        {
            "PAYLOAD": null,
            "SHEATH": "CG-SH3-264f",
            "NOTES": null,
            "FIBRE_SYSTEM": null,
            "BUFFER": "Rose",
            "FIBRE": "Violet",
            "END": "CG-10-1-1",
            "START": "CG-1739-1-4",
            "FIBRE_OWNER": "Group Telecom"
        },
        {
            "PAYLOAD": "2120",
            "SHEATH": "CG-SH3-264f",
            "NOTES": "A-Channel",
            "FIBRE_SYSTEM": "CG-10:CG-482:fs2",
            "BUFFER": "Rose",
            "FIBRE": "Rose",
            "END": "CG-10-1-1",
            "START": "CG-1739-1-4",
            "FIBRE_OWNER": "Group Telecom"
        },
        {
            "PAYLOAD": "2120",
            "SHEATH": "CG-SH3-264f",
            "NOTES": "A-Channel",
            "FIBRE_SYSTEM": "CG-10:CG-482:fs2",
            "BUFFER": "Rose",
            "FIBRE": "Aqua",
            "END": "CG-10-1-1",
            "START": "CG-1739-1-4",
            "FIBRE_OWNER": "Group Telecom"
        },
        {
            "PAYLOAD": "PIF-10108",
            "SHEATH": "CG-SH3-264f",
            "NOTES": "Canadian Oxy",
            "FIBRE_SYSTEM": "CG-10:CG-344:fs3",
            "BUFFER": "Aqua",
            "FIBRE": "Blue",
            "END": "CG-10-1-1",
            "START": "CG-1739-1-4",
            "FIBRE_OWNER": "Group Telecom"
        },
        {
            "PAYLOAD": "PIF-10108",
            "SHEATH": "CG-SH3-264f",
            "NOTES": "Canadian Oxy",
            "FIBRE_SYSTEM": "CG-10:CG-344:fs3",
            "BUFFER": "Aqua",
            "FIBRE": "Orange",
            "END": "CG-10-1-1",
            "START": "CG-1739-1-4",
            "FIBRE_OWNER": "Group Telecom"
        },
        {
            "PAYLOAD": "PIF-10147",
            "SHEATH": "CG-SH3-264f",
            "NOTES": "Manulife House",
            "FIBRE_SYSTEM": "CG-10:CG-365xx:fs1",
            "BUFFER": "Aqua",
            "FIBRE": "Green",
            "END": "CG-10-1-1",
            "START": "CG-1739-1-4",
            "FIBRE_OWNER": "Group Telecom"
        },
        {
            "PAYLOAD": "PIF-10147",
            "SHEATH": "CG-SH3-264f",
            "NOTES": "Manulife House",
            "FIBRE_SYSTEM": "CG-10:CG-365xx:fs1",
            "BUFFER": "Aqua",
            "FIBRE": "Brown",
            "END": "CG-10-1-1",
            "START": "CG-1739-1-4",
            "FIBRE_OWNER": "Group Telecom"
        },
        {
            "PAYLOAD": null,
            "SHEATH": "CG-SH3-264f",
            "NOTES": null,
            "FIBRE_SYSTEM": null,
            "BUFFER": "Aqua",
            "FIBRE": "Red",
            "END": "CG-10-1-1",
            "START": "CG-1739-1-4",
            "FIBRE_OWNER": "Group Telecom"
        },
        {
            "PAYLOAD": null,
            "SHEATH": "CG-SH3-264f",
            "NOTES": null,
            "FIBRE_SYSTEM": null,
            "BUFFER": "Aqua",
            "FIBRE": "Black",
            "END": "CG-10-1-1",
            "START": "CG-1739-1-4",
            "FIBRE_OWNER": "Group Telecom"
        },
        {
            "PAYLOAD": "PIF-10942",
            "SHEATH": "CG-SH3-264f",
            "NOTES": "Cascade Bldg",
            "FIBRE_SYSTEM": "CG-10:CG-429:fs1",
            "BUFFER": "Dark-Blue",
            "FIBRE": "Blue",
            "END": "CG-10-1-1",
            "START": "CG-1739-1-4",
            "FIBRE_OWNER": "Group Telecom"
        },
        {
            "PAYLOAD": "PIF-10942",
            "SHEATH": "CG-SH3-264f",
            "NOTES": "Cascade Bldg",
            "FIBRE_SYSTEM": "CG-10:CG-429:fs1",
            "BUFFER": "Dark-Blue",
            "FIBRE": "Orange",
            "END": "CG-10-1-1",
            "START": "CG-1739-1-4",
            "FIBRE_OWNER": "Group Telecom"
        },
        {
            "PAYLOAD": "7485",
            "SHEATH": "CG-SH3-264f",
            "NOTES": "Telus Bunker: GT",
            "FIBRE_SYSTEM": "CG-10:CG-611:fs7",
            "BUFFER": "Dark-Blue",
            "FIBRE": "Green",
            "END": "CG-10-1-1",
            "START": "CG-1739-1-4",
            "FIBRE_OWNER": "Group Telecom"
        },
        {
            "PAYLOAD": "7485",
            "SHEATH": "CG-SH3-264f",
            "NOTES": "Telus Bunker: GT",
            "FIBRE_SYSTEM": "CG-10:CG-611:fs7",
            "BUFFER": "Dark-Blue",
            "FIBRE": "Brown",
            "END": "CG-10-1-1",
            "START": "CG-1739-1-4",
            "FIBRE_OWNER": "Group Telecom"
        },
        {
            "PAYLOAD": "7485",
            "SHEATH": "CG-SH3-264f",
            "NOTES": "Telus Bunker: GT",
            "FIBRE_SYSTEM": "CG-10:CG-611:fs7",
            "BUFFER": "Dark-Blue",
            "FIBRE": "Slate",
            "END": "CG-10-1-1",
            "START": "CG-1739-1-4",
            "FIBRE_OWNER": "Group Telecom"
        },
        {
            "PAYLOAD": "7485",
            "SHEATH": "CG-SH3-264f",
            "NOTES": "Telus Bunker: GT",
            "FIBRE_SYSTEM": "CG-10:CG-611:fs7",
            "BUFFER": "Dark-Blue",
            "FIBRE": "White",
            "END": "CG-10-1-1",
            "START": "CG-1739-1-4",
            "FIBRE_OWNER": "Group Telecom"
        },
        {
            "PAYLOAD": "7485",
            "SHEATH": "CG-SH3-264f",
            "NOTES": "Telus Bunker: GT",
            "FIBRE_SYSTEM": "CG-10:CG-611:fs7",
            "BUFFER": "Dark-Blue",
            "FIBRE": "Red",
            "END": "CG-10-1-1",
            "START": "CG-1739-1-4",
            "FIBRE_OWNER": "Group Telecom"
        },
        {
            "PAYLOAD": "7485",
            "SHEATH": "CG-SH3-264f",
            "NOTES": "Telus Bunker: GT",
            "FIBRE_SYSTEM": "CG-10:CG-611:fs7",
            "BUFFER": "Dark-Blue",
            "FIBRE": "Black",
            "END": "CG-10-1-1",
            "START": "CG-1739-1-4",
            "FIBRE_OWNER": "Group Telecom"
        },
        {
            "PAYLOAD": "7485",
            "SHEATH": "CG-SH3-264f",
            "NOTES": "Telus Bunker: GT",
            "FIBRE_SYSTEM": "CG-10:CG-611:fs7",
            "BUFFER": "Dark-Blue",
            "FIBRE": "Yellow",
            "END": "CG-10-1-1",
            "START": "CG-1739-1-4",
            "FIBRE_OWNER": "Group Telecom"
        },
        {
            "PAYLOAD": "7485",
            "SHEATH": "CG-SH3-264f",
            "NOTES": "Telus Bunker: GT",
            "FIBRE_SYSTEM": "CG-10:CG-611:fs7",
            "BUFFER": "Dark-Blue",
            "FIBRE": "Violet",
            "END": "CG-10-1-1",
            "START": "CG-1739-1-4",
            "FIBRE_OWNER": "Group Telecom"
        },
        {
            "PAYLOAD": null,
            "SHEATH": "CG-SH3-264f",
            "NOTES": null,
            "FIBRE_SYSTEM": null,
            "BUFFER": "Dark-Blue",
            "FIBRE": "Rose",
            "END": "CG-10-1-1",
            "START": "CG-1739-1-4",
            "FIBRE_OWNER": "Group Telecom"
        },
        {
            "PAYLOAD": null,
            "SHEATH": "CG-SH3-264f",
            "NOTES": null,
            "FIBRE_SYSTEM": null,
            "BUFFER": "Dark-Blue",
            "FIBRE": "Aqua",
            "END": "CG-10-1-1",
            "START": "CG-1739-1-4",
            "FIBRE_OWNER": "Group Telecom"
        },
        {
            "PAYLOAD": "PIF-10722",
            "SHEATH": "CG-SH3-264f",
            "NOTES": "Food City Bldg",
            "FIBRE_SYSTEM": "CG-10:CG-224:fs3",
            "BUFFER": "Dark-Brown",
            "FIBRE": "Slate",
            "END": "CG-10-1-1",
            "START": "CG-1739-1-4",
            "FIBRE_OWNER": "Group Telecom"
        },
        {
            "PAYLOAD": "PIF-10722",
            "SHEATH": "CG-SH3-264f",
            "NOTES": "Food City Bldg",
            "FIBRE_SYSTEM": "CG-10:CG-224:fs3",
            "BUFFER": "Dark-Brown",
            "FIBRE": "White",
            "END": "CG-10-1-1",
            "START": "CG-1739-1-4",
            "FIBRE_OWNER": "Group Telecom"
        },
        {
            "PAYLOAD": "15715",
            "SHEATH": "CG-SH3-264f",
            "NOTES": "GT/Bell SR15715",
            "FIBRE_SYSTEM": "CG-10:CG-2211:fs3",
            "BUFFER": "Dark-Brown",
            "FIBRE": "Yellow",
            "END": "CG-10-1-1",
            "START": "CG-1739-1-4",
            "FIBRE_OWNER": "Group Telecom"
        },
        {
            "PAYLOAD": "15715",
            "SHEATH": "CG-SH3-264f",
            "NOTES": "GT/Bell SR15715",
            "FIBRE_SYSTEM": "CG-10:CG-2211:fs3",
            "BUFFER": "Dark-Brown",
            "FIBRE": "Violet",
            "END": "CG-10-1-1",
            "START": "CG-1739-1-4",
            "FIBRE_OWNER": "Group Telecom"
        },
        {
            "PAYLOAD": "15715",
            "SHEATH": "CG-SH3-264f",
            "NOTES": "GT/Bell SR15715",
            "FIBRE_SYSTEM": "CG-10:CG-2211:fs3",
            "BUFFER": "Dark-Brown",
            "FIBRE": "Rose",
            "END": "CG-10-1-1",
            "START": "CG-1739-1-4",
            "FIBRE_OWNER": "Group Telecom"
        },
        {
            "PAYLOAD": "15715",
            "SHEATH": "CG-SH3-264f",
            "NOTES": "GT/Bell SR15715",
            "FIBRE_SYSTEM": "CG-10:CG-2211:fs3",
            "BUFFER": "Dark-Brown",
            "FIBRE": "Aqua",
            "END": "CG-10-1-1",
            "START": "CG-1739-1-4",
            "FIBRE_OWNER": "Group Telecom"
        },
        {
            "PAYLOAD": null,
            "SHEATH": "CG-SH3-264f",
            "NOTES": null,
            "FIBRE_SYSTEM": null,
            "BUFFER": "Dark-Slate",
            "FIBRE": "Blue",
            "END": "CG-10-1-1",
            "START": "CG-1739-1-4",
            "FIBRE_OWNER": "Group Telecom"
        },
        {
            "PAYLOAD": null,
            "SHEATH": "CG-SH3-264f",
            "NOTES": null,
            "FIBRE_SYSTEM": null,
            "BUFFER": "Dark-Slate",
            "FIBRE": "Orange",
            "END": "CG-10-1-1",
            "START": "CG-1739-1-4",
            "FIBRE_OWNER": "Group Telecom"
        },
        {
            "PAYLOAD": null,
            "SHEATH": "CG-SH3-264f",
            "NOTES": null,
            "FIBRE_SYSTEM": null,
            "BUFFER": "Dark-Slate",
            "FIBRE": "Green",
            "END": "CG-10-1-1",
            "START": "CG-1739-1-4",
            "FIBRE_OWNER": "Group Telecom"
        },
        {
            "PAYLOAD": null,
            "SHEATH": "CG-SH3-264f",
            "NOTES": null,
            "FIBRE_SYSTEM": null,
            "BUFFER": "Dark-Slate",
            "FIBRE": "Brown",
            "END": "CG-10-1-1",
            "START": "CG-1739-1-4",
            "FIBRE_OWNER": "Group Telecom"
        },
        {
            "PAYLOAD": "38722",
            "SHEATH": "CG-SH3-264f",
            "NOTES": "Bell N27661 New IDP",
            "FIBRE_SYSTEM": "CG-10:CG-88:fs18",
            "BUFFER": "Dark-Slate",
            "FIBRE": "Slate",
            "END": "CG-10-1-1",
            "START": "CG-1739-1-4",
            "FIBRE_OWNER": "Group Telecom"
        },
        {
            "PAYLOAD": "38722",
            "SHEATH": "CG-SH3-264f",
            "NOTES": "Bell N27661 New IDP",
            "FIBRE_SYSTEM": "CG-10:CG-88:fs18",
            "BUFFER": "Dark-Slate",
            "FIBRE": "White",
            "END": "CG-10-1-1",
            "START": "CG-1739-1-4",
            "FIBRE_OWNER": "Group Telecom"
        },
        {
            "PAYLOAD": null,
            "SHEATH": "CG-SH3-264f",
            "NOTES": "Pop CG455",
            "FIBRE_SYSTEM": null,
            "BUFFER": "Dark-Slate",
            "FIBRE": "Red",
            "END": "CG-10-1-1",
            "START": "CG-1739-1-4",
            "FIBRE_OWNER": "Group Telecom"
        },
        {
            "PAYLOAD": null,
            "SHEATH": "CG-SH3-264f",
            "NOTES": "10-455: M/T",
            "FIBRE_SYSTEM": null,
            "BUFFER": "Dark-Slate",
            "FIBRE": "Black",
            "END": "CG-10-1-1",
            "START": "CG-1739-1-4",
            "FIBRE_OWNER": "Group Telecom"
        },
        {
            "PAYLOAD": "21907",
            "SHEATH": "CG-SH3-264f",
            "NOTES": "Bell IDP #U02138",
            "FIBRE_SYSTEM": "CG-10:CG-2211:fs5",
            "BUFFER": "Dark-Slate",
            "FIBRE": "Yellow",
            "END": "CG-10-1-1",
            "START": "CG-1739-1-4",
            "FIBRE_OWNER": "Group Telecom"
        },
        {
            "PAYLOAD": "21907",
            "SHEATH": "CG-SH3-264f",
            "NOTES": "Bell IDP #U02138",
            "FIBRE_SYSTEM": "CG-10:CG-2211:fs5",
            "BUFFER": "Dark-Slate",
            "FIBRE": "Violet",
            "END": "CG-10-1-1",
            "START": "CG-1739-1-4",
            "FIBRE_OWNER": "Group Telecom"
        },
        {
            "PAYLOAD": "21907",
            "SHEATH": "CG-SH3-264f",
            "NOTES": "Bell IDP #U02138",
            "FIBRE_SYSTEM": "CG-10:CG-2211:fs5",
            "BUFFER": "Dark-Slate",
            "FIBRE": "Rose",
            "END": "CG-10-1-1",
            "START": "CG-1739-1-4",
            "FIBRE_OWNER": "Group Telecom"
        },
        {
            "PAYLOAD": "21907",
            "SHEATH": "CG-SH3-264f",
            "NOTES": "Bell IDP #U02138",
            "FIBRE_SYSTEM": "CG-10:CG-2211:fs5",
            "BUFFER": "Dark-Slate",
            "FIBRE": "Aqua",
            "END": "CG-10-1-1",
            "START": "CG-1739-1-4",
            "FIBRE_OWNER": "Group Telecom"
        },
        {
            "PAYLOAD": "21907",
            "SHEATH": "CG-SH3-264f",
            "NOTES": "Bell IDP #U02138",
            "FIBRE_SYSTEM": "CG-10:CG-2211:fs5",
            "BUFFER": "Dark-White",
            "FIBRE": "Blue",
            "END": "CG-10-1-1",
            "START": "CG-1739-1-4",
            "FIBRE_OWNER": "Group Telecom"
        },
        {
            "PAYLOAD": "21907",
            "SHEATH": "CG-SH3-264f",
            "NOTES": "Bell IDP #U02138",
            "FIBRE_SYSTEM": "CG-10:CG-2211:fs5",
            "BUFFER": "Dark-White",
            "FIBRE": "Orange",
            "END": "CG-10-1-1",
            "START": "CG-1739-1-4",
            "FIBRE_OWNER": "Group Telecom"
        },
        {
            "PAYLOAD": null,
            "SHEATH": "CG-SH3-264f",
            "NOTES": null,
            "FIBRE_SYSTEM": null,
            "BUFFER": "Dark-White",
            "FIBRE": "Green",
            "END": "CG-10-1-1",
            "START": "CG-1739-1-4",
            "FIBRE_OWNER": "Group Telecom"
        },
        {
            "PAYLOAD": null,
            "SHEATH": "CG-SH3-264f",
            "NOTES": null,
            "FIBRE_SYSTEM": null,
            "BUFFER": "Dark-White",
            "FIBRE": "Brown",
            "END": "CG-10-1-1",
            "START": "CG-1739-1-4",
            "FIBRE_OWNER": "Group Telecom"
        },
        {
            "PAYLOAD": "30074",
            "SHEATH": "CG-SH3-264f",
            "NOTES": "Bell N#24043 New IDP",
            "FIBRE_SYSTEM": "CG-10:CG-712:fs8",
            "BUFFER": "Dark-White",
            "FIBRE": "Slate",
            "END": "CG-10-1-1",
            "START": "CG-1739-1-4",
            "FIBRE_OWNER": "Group Telecom"
        },
        {
            "PAYLOAD": "30074",
            "SHEATH": "CG-SH3-264f",
            "NOTES": "Bell N#24043 New IDP",
            "FIBRE_SYSTEM": "CG-10:CG-712:fs8",
            "BUFFER": "Dark-White",
            "FIBRE": "White",
            "END": "CG-10-1-1",
            "START": "CG-1739-1-4",
            "FIBRE_OWNER": "Group Telecom"
        },
        {
            "PAYLOAD": null,
            "SHEATH": "CG-SH3-264f",
            "NOTES": null,
            "FIBRE_SYSTEM": null,
            "BUFFER": "Dark-White",
            "FIBRE": "Red",
            "END": "CG-10-1-1",
            "START": "CG-1739-1-4",
            "FIBRE_OWNER": "Group Telecom"
        },
        {
            "PAYLOAD": null,
            "SHEATH": "CG-SH3-264f",
            "NOTES": null,
            "FIBRE_SYSTEM": null,
            "BUFFER": "Dark-White",
            "FIBRE": "Black",
            "END": "CG-10-1-1",
            "START": "CG-1739-1-4",
            "FIBRE_OWNER": "Group Telecom"
        },
        {
            "PAYLOAD": null,
            "SHEATH": "CG-SH3-264f",
            "NOTES": null,
            "FIBRE_SYSTEM": null,
            "BUFFER": "Dark-White",
            "FIBRE": "Yellow",
            "END": "CG-10-1-1",
            "START": "CG-1739-1-4",
            "FIBRE_OWNER": "Group Telecom"
        },
        {
            "PAYLOAD": null,
            "SHEATH": "CG-SH3-264f",
            "NOTES": null,
            "FIBRE_SYSTEM": null,
            "BUFFER": "Dark-White",
            "FIBRE": "Violet",
            "END": "CG-10-1-1",
            "START": "CG-1739-1-4",
            "FIBRE_OWNER": "Group Telecom"
        },
        {
            "PAYLOAD": null,
            "SHEATH": "CG-SH3-264f",
            "NOTES": null,
            "FIBRE_SYSTEM": null,
            "BUFFER": "Dark-White",
            "FIBRE": "Rose",
            "END": "CG-10-1-1",
            "START": "CG-1739-1-4",
            "FIBRE_OWNER": "Group Telecom"
        },
        {
            "PAYLOAD": null,
            "SHEATH": "CG-SH3-264f",
            "NOTES": null,
            "FIBRE_SYSTEM": null,
            "BUFFER": "Dark-White",
            "FIBRE": "Aqua",
            "END": "CG-10-1-1",
            "START": "CG-1739-1-4",
            "FIBRE_OWNER": "Group Telecom"
        },
        {
            "PAYLOAD": null,
            "SHEATH": "CG-SH3-264f",
            "NOTES": null,
            "FIBRE_SYSTEM": null,
            "BUFFER": "Dark-Red",
            "FIBRE": "Blue",
            "END": "CG-10-1-1",
            "START": "CG-1739-1-4",
            "FIBRE_OWNER": "Group Telecom"
        },
        {
            "PAYLOAD": null,
            "SHEATH": "CG-SH3-264f",
            "NOTES": null,
            "FIBRE_SYSTEM": null,
            "BUFFER": "Dark-Red",
            "FIBRE": "Orange",
            "END": "CG-10-1-1",
            "START": "CG-1739-1-4",
            "FIBRE_OWNER": "Group Telecom"
        },
        {
            "PAYLOAD": null,
            "SHEATH": "CG-SH3-264f",
            "NOTES": null,
            "FIBRE_SYSTEM": null,
            "BUFFER": "Dark-Red",
            "FIBRE": "Green",
            "END": "CG-10-1-1",
            "START": "CG-1739-1-4",
            "FIBRE_OWNER": "Group Telecom"
        },
        {
            "PAYLOAD": null,
            "SHEATH": "CG-SH3-264f",
            "NOTES": null,
            "FIBRE_SYSTEM": null,
            "BUFFER": "Dark-Red",
            "FIBRE": "Brown",
            "END": "CG-10-1-1",
            "START": "CG-1739-1-4",
            "FIBRE_OWNER": "Group Telecom"
        },
        {
            "PAYLOAD": null,
            "SHEATH": "CG-SH3-264f",
            "NOTES": null,
            "FIBRE_SYSTEM": null,
            "BUFFER": "Dark-Red",
            "FIBRE": "Slate",
            "END": "CG-10-1-1",
            "START": "CG-1739-1-4",
            "FIBRE_OWNER": "Group Telecom"
        },
        {
            "PAYLOAD": null,
            "SHEATH": "CG-SH3-264f",
            "NOTES": null,
            "FIBRE_SYSTEM": null,
            "BUFFER": "Dark-Red",
            "FIBRE": "White",
            "END": "CG-10-1-1",
            "START": "CG-1739-1-4",
            "FIBRE_OWNER": "Group Telecom"
        },
        {
            "PAYLOAD": null,
            "SHEATH": "CG-SH3-264f",
            "NOTES": null,
            "FIBRE_SYSTEM": null,
            "BUFFER": "Dark-Red",
            "FIBRE": "Red",
            "END": "CG-10-1-1",
            "START": "CG-1739-1-4",
            "FIBRE_OWNER": "Group Telecom"
        },
        {
            "PAYLOAD": null,
            "SHEATH": "CG-SH3-264f",
            "NOTES": null,
            "FIBRE_SYSTEM": null,
            "BUFFER": "Dark-Red",
            "FIBRE": "Black",
            "END": "CG-10-1-1",
            "START": "CG-1739-1-4",
            "FIBRE_OWNER": "Group Telecom"
        },
        {
            "PAYLOAD": null,
            "SHEATH": "CG-SH3-264f",
            "NOTES": null,
            "FIBRE_SYSTEM": null,
            "BUFFER": "Dark-Red",
            "FIBRE": "Yellow",
            "END": "CG-10-1-1",
            "START": "CG-1739-1-4",
            "FIBRE_OWNER": "Group Telecom"
        },
        {
            "PAYLOAD": null,
            "SHEATH": "CG-SH3-264f",
            "NOTES": null,
            "FIBRE_SYSTEM": null,
            "BUFFER": "Dark-Red",
            "FIBRE": "Violet",
            "END": "CG-10-1-1",
            "START": "CG-1739-1-4",
            "FIBRE_OWNER": "Group Telecom"
        },
        {
            "PAYLOAD": null,
            "SHEATH": "CG-SH3-264f",
            "NOTES": null,
            "FIBRE_SYSTEM": null,
            "BUFFER": "Dark-Red",
            "FIBRE": "Rose",
            "END": "CG-10-1-1",
            "START": "CG-1739-1-4",
            "FIBRE_OWNER": "Group Telecom"
        },
        {
            "PAYLOAD": null,
            "SHEATH": "CG-SH3-264f",
            "NOTES": null,
            "FIBRE_SYSTEM": null,
            "BUFFER": "Dark-Red",
            "FIBRE": "Aqua",
            "END": "CG-10-1-1",
            "START": "CG-1739-1-4",
            "FIBRE_OWNER": "Group Telecom"
        },
        {
            "PAYLOAD": null,
            "SHEATH": "CG-SH3-264f",
            "NOTES": null,
            "FIBRE_SYSTEM": null,
            "BUFFER": "Dark-Black",
            "FIBRE": "Blue",
            "END": "CG-10-1-1",
            "START": "CG-1739-1-4",
            "FIBRE_OWNER": "Group Telecom"
        },
        {
            "PAYLOAD": null,
            "SHEATH": "CG-SH3-264f",
            "NOTES": null,
            "FIBRE_SYSTEM": null,
            "BUFFER": "Dark-Black",
            "FIBRE": "Orange",
            "END": "CG-10-1-1",
            "START": "CG-1739-1-4",
            "FIBRE_OWNER": "Group Telecom"
        },
        {
            "PAYLOAD": null,
            "SHEATH": "CG-SH3-264f",
            "NOTES": null,
            "FIBRE_SYSTEM": null,
            "BUFFER": "Dark-Black",
            "FIBRE": "Green",
            "END": "CG-10-1-1",
            "START": "CG-1739-1-4",
            "FIBRE_OWNER": "Group Telecom"
        },
        {
            "PAYLOAD": null,
            "SHEATH": "CG-SH3-264f",
            "NOTES": null,
            "FIBRE_SYSTEM": null,
            "BUFFER": "Dark-Black",
            "FIBRE": "Brown",
            "END": "CG-10-1-1",
            "START": "CG-1739-1-4",
            "FIBRE_OWNER": "Group Telecom"
        },
        {
            "PAYLOAD": null,
            "SHEATH": "CG-SH3-264f",
            "NOTES": null,
            "FIBRE_SYSTEM": null,
            "BUFFER": "Dark-Black",
            "FIBRE": "Slate",
            "END": "CG-10-1-1",
            "START": "CG-1739-1-4",
            "FIBRE_OWNER": "Group Telecom"
        },
        {
            "PAYLOAD": null,
            "SHEATH": "CG-SH3-264f",
            "NOTES": null,
            "FIBRE_SYSTEM": null,
            "BUFFER": "Dark-Black",
            "FIBRE": "White",
            "END": "CG-10-1-1",
            "START": "CG-1739-1-4",
            "FIBRE_OWNER": "Group Telecom"
        },
        {
            "PAYLOAD": "35307",
            "SHEATH": "CG-SH3-264f",
            "NOTES": "Bell N#27086 New IDP",
            "FIBRE_SYSTEM": "CG-10:CG-2211:fs7",
            "BUFFER": "Dark-Black",
            "FIBRE": "Red",
            "END": "CG-10-1-1",
            "START": "CG-1739-1-4",
            "FIBRE_OWNER": "Group Telecom"
        },
        {
            "PAYLOAD": "35307",
            "SHEATH": "CG-SH3-264f",
            "NOTES": "Bell N#27086 New IDP",
            "FIBRE_SYSTEM": "CG-10:CG-2211:fs7",
            "BUFFER": "Dark-Black",
            "FIBRE": "Black",
            "END": "CG-10-1-1",
            "START": "CG-1739-1-4",
            "FIBRE_OWNER": "Group Telecom"
        },
        {
            "PAYLOAD": "35307",
            "SHEATH": "CG-SH3-264f",
            "NOTES": "Bell N#27086 New IDP",
            "FIBRE_SYSTEM": "CG-10:CG-2211:fs7",
            "BUFFER": "Dark-Black",
            "FIBRE": "Yellow",
            "END": "CG-10-1-1",
            "START": "CG-1739-1-4",
            "FIBRE_OWNER": "Group Telecom"
        },
        {
            "PAYLOAD": "35307",
            "SHEATH": "CG-SH3-264f",
            "NOTES": "Bell N#27086 New IDP",
            "FIBRE_SYSTEM": "CG-10:CG-2211:fs7",
            "BUFFER": "Dark-Black",
            "FIBRE": "Violet",
            "END": "CG-10-1-1",
            "START": "CG-1739-1-4",
            "FIBRE_OWNER": "Group Telecom"
        },
        {
            "PAYLOAD": "35307",
            "SHEATH": "CG-SH3-264f",
            "NOTES": "Bell N#27086 New IDP",
            "FIBRE_SYSTEM": "CG-10:CG-2211:fs7",
            "BUFFER": "Dark-Black",
            "FIBRE": "Rose",
            "END": "CG-10-1-1",
            "START": "CG-1739-1-4",
            "FIBRE_OWNER": "Group Telecom"
        },
        {
            "PAYLOAD": "35307",
            "SHEATH": "CG-SH3-264f",
            "NOTES": "Bell N#27086 New IDP",
            "FIBRE_SYSTEM": "CG-10:CG-2211:fs7",
            "BUFFER": "Dark-Black",
            "FIBRE": "Aqua",
            "END": "CG-10-1-1",
            "START": "CG-1739-1-4",
            "FIBRE_OWNER": "Group Telecom"
        },
        {
            "PAYLOAD": null,
            "SHEATH": "CG-SH3-264f",
            "NOTES": null,
            "FIBRE_SYSTEM": null,
            "BUFFER": "Dark-Yellow",
            "FIBRE": "Blue",
            "END": "CG-10-1-1",
            "START": "CG-1739-1-4",
            "FIBRE_OWNER": "Group Telecom"
        },
        {
            "PAYLOAD": null,
            "SHEATH": "CG-SH3-264f",
            "NOTES": null,
            "FIBRE_SYSTEM": null,
            "BUFFER": "Dark-Yellow",
            "FIBRE": "Orange",
            "END": "CG-10-1-1",
            "START": "CG-1739-1-4",
            "FIBRE_OWNER": "Group Telecom"
        },
        {
            "PAYLOAD": null,
            "SHEATH": "CG-SH3-264f",
            "NOTES": null,
            "FIBRE_SYSTEM": null,
            "BUFFER": "Dark-Yellow",
            "FIBRE": "Green",
            "END": "CG-10-1-1",
            "START": "CG-1739-1-4",
            "FIBRE_OWNER": "Group Telecom"
        },
        {
            "PAYLOAD": null,
            "SHEATH": "CG-SH3-264f",
            "NOTES": null,
            "FIBRE_SYSTEM": null,
            "BUFFER": "Dark-Yellow",
            "FIBRE": "Brown",
            "END": "CG-10-1-1",
            "START": "CG-1739-1-4",
            "FIBRE_OWNER": "Group Telecom"
        },
        {
            "PAYLOAD": "6307",
            "SHEATH": "CG-SH3-264f",
            "NOTES": "CG10:1586- GT/360",
            "FIBRE_SYSTEM": "CG-10:CG-1586:fs1",
            "BUFFER": "Dark-Yellow",
            "FIBRE": "Slate",
            "END": "CG-10-1-1",
            "START": "CG-1739-1-4",
            "FIBRE_OWNER": "Group Telecom"
        },
        {
            "PAYLOAD": "6307",
            "SHEATH": "CG-SH3-264f",
            "NOTES": "CG10:1586- GT/360",
            "FIBRE_SYSTEM": "CG-10:CG-1586:fs1",
            "BUFFER": "Dark-Yellow",
            "FIBRE": "White",
            "END": "CG-10-1-1",
            "START": "CG-1739-1-4",
            "FIBRE_OWNER": "Group Telecom"
        },
        {
            "PAYLOAD": null,
            "SHEATH": "CG-SH3-264f",
            "NOTES": null,
            "FIBRE_SYSTEM": null,
            "BUFFER": "Dark-Yellow",
            "FIBRE": "Red",
            "END": "CG-10-1-1",
            "START": "CG-1739-1-4",
            "FIBRE_OWNER": "Group Telecom"
        },
        {
            "PAYLOAD": null,
            "SHEATH": "CG-SH3-264f",
            "NOTES": null,
            "FIBRE_SYSTEM": null,
            "BUFFER": "Dark-Yellow",
            "FIBRE": "Black",
            "END": "CG-10-1-1",
            "START": "CG-1739-1-4",
            "FIBRE_OWNER": "Group Telecom"
        },
        {
            "PAYLOAD": null,
            "SHEATH": "CG-SH3-264f",
            "NOTES": null,
            "FIBRE_SYSTEM": null,
            "BUFFER": "Dark-Yellow",
            "FIBRE": "Yellow",
            "END": "CG-10-1-1",
            "START": "CG-1739-1-4",
            "FIBRE_OWNER": "Group Telecom"
        },
        {
            "PAYLOAD": null,
            "SHEATH": "CG-SH3-264f",
            "NOTES": null,
            "FIBRE_SYSTEM": null,
            "BUFFER": "Dark-Yellow",
            "FIBRE": "Violet",
            "END": "CG-10-1-1",
            "START": "CG-1739-1-4",
            "FIBRE_OWNER": "Group Telecom"
        },
        {
            "PAYLOAD": null,
            "SHEATH": "CG-SH3-264f",
            "NOTES": null,
            "FIBRE_SYSTEM": null,
            "BUFFER": "Dark-Yellow",
            "FIBRE": "Rose",
            "END": "CG-10-1-1",
            "START": "CG-1739-1-4",
            "FIBRE_OWNER": "Group Telecom"
        },
        {
            "PAYLOAD": null,
            "SHEATH": "CG-SH3-264f",
            "NOTES": null,
            "FIBRE_SYSTEM": null,
            "BUFFER": "Dark-Yellow",
            "FIBRE": "Aqua",
            "END": "CG-10-1-1",
            "START": "CG-1739-1-4",
            "FIBRE_OWNER": "Group Telecom"
        },
        {
            "PAYLOAD": null,
            "SHEATH": "CG-SH3-264f",
            "NOTES": null,
            "FIBRE_SYSTEM": null,
            "BUFFER": "Dark-Violet",
            "FIBRE": "Blue",
            "END": "CG-10-1-1",
            "START": "CG-1739-1-4",
            "FIBRE_OWNER": "Group Telecom"
        },
        {
            "PAYLOAD": null,
            "SHEATH": "CG-SH3-264f",
            "NOTES": null,
            "FIBRE_SYSTEM": null,
            "BUFFER": "Dark-Violet",
            "FIBRE": "Orange",
            "END": "CG-10-1-1",
            "START": "CG-1739-1-4",
            "FIBRE_OWNER": "Group Telecom"
        },
        {
            "PAYLOAD": null,
            "SHEATH": "CG-SH3-264f",
            "NOTES": null,
            "FIBRE_SYSTEM": null,
            "BUFFER": "Dark-Violet",
            "FIBRE": "Green",
            "END": "CG-10-1-1",
            "START": "CG-1739-1-4",
            "FIBRE_OWNER": "Group Telecom"
        },
        {
            "PAYLOAD": null,
            "SHEATH": "CG-SH3-264f",
            "NOTES": null,
            "FIBRE_SYSTEM": null,
            "BUFFER": "Dark-Violet",
            "FIBRE": "Brown",
            "END": "CG-10-1-1",
            "START": "CG-1739-1-4",
            "FIBRE_OWNER": "Group Telecom"
        },
        {
            "PAYLOAD": null,
            "SHEATH": "CG-SH3-264f",
            "NOTES": null,
            "FIBRE_SYSTEM": null,
            "BUFFER": "Dark-Violet",
            "FIBRE": "Slate",
            "END": "CG-10-1-1",
            "START": "CG-1739-1-4",
            "FIBRE_OWNER": "Group Telecom"
        },
        {
            "PAYLOAD": null,
            "SHEATH": "CG-SH3-264f",
            "NOTES": null,
            "FIBRE_SYSTEM": null,
            "BUFFER": "Dark-Violet",
            "FIBRE": "White",
            "END": "CG-10-1-1",
            "START": "CG-1739-1-4",
            "FIBRE_OWNER": "Group Telecom"
        },
        {
            "PAYLOAD": null,
            "SHEATH": "CG-SH3-264f",
            "NOTES": null,
            "FIBRE_SYSTEM": null,
            "BUFFER": "Dark-Violet",
            "FIBRE": "Red",
            "END": "CG-10-1-1",
            "START": "CG-1739-1-4",
            "FIBRE_OWNER": "Group Telecom"
        },
        {
            "PAYLOAD": null,
            "SHEATH": "CG-SH3-264f",
            "NOTES": null,
            "FIBRE_SYSTEM": null,
            "BUFFER": "Dark-Violet",
            "FIBRE": "Black",
            "END": "CG-10-1-1",
            "START": "CG-1739-1-4",
            "FIBRE_OWNER": "Group Telecom"
        },
        {
            "PAYLOAD": null,
            "SHEATH": "CG-SH3-264f",
            "NOTES": null,
            "FIBRE_SYSTEM": null,
            "BUFFER": "Dark-Violet",
            "FIBRE": "Yellow",
            "END": "CG-10-1-1",
            "START": "CG-1739-1-4",
            "FIBRE_OWNER": "Group Telecom"
        },
        {
            "PAYLOAD": null,
            "SHEATH": "CG-SH3-264f",
            "NOTES": null,
            "FIBRE_SYSTEM": null,
            "BUFFER": "Dark-Violet",
            "FIBRE": "Violet",
            "END": "CG-10-1-1",
            "START": "CG-1739-1-4",
            "FIBRE_OWNER": "Group Telecom"
        },
        {
            "PAYLOAD": null,
            "SHEATH": "CG-SH3-264f",
            "NOTES": null,
            "FIBRE_SYSTEM": null,
            "BUFFER": "Dark-Violet",
            "FIBRE": "Rose",
            "END": "CG-10-1-1",
            "START": "CG-1739-1-4",
            "FIBRE_OWNER": "Group Telecom"
        },
        {
            "PAYLOAD": null,
            "SHEATH": "CG-SH3-264f",
            "NOTES": null,
            "FIBRE_SYSTEM": null,
            "BUFFER": "Dark-Violet",
            "FIBRE": "Aqua",
            "END": "CG-10-1-1",
            "START": "CG-1739-1-4",
            "FIBRE_OWNER": "Group Telecom"
        }
    ]
}
Actual body: [[PAYLOAD:PIF-11283, SHEATH:CG-SH3-264f, NOTES:Gulf Canada Square, FIBRE_SYSTEM:CG-10:CG-467:fs7, BUFFER:Blue, FIBRE:Blue, END:CG-10-1-1, START:CG-1739-1-4, FIBRE_OWNER:Group Telecom], [PAYLOAD:PIF-11283, SHEATH:CG-SH3-264f, NOTES:Gulf Canada Square, FIBRE_SYSTEM:CG-10:CG-467:fs7, BUFFER:Blue, FIBRE:Orange, END:CG-10-1-1, START:CG-1739-1-4, FIBRE_OWNER:Group Telecom], [PAYLOAD:PIF-11298, SHEATH:CG-SH3-264f, NOTES:CPR0004CGE, FIBRE_SYSTEM:CG-10:CG-467:fs3, BUFFER:Blue, FIBRE:Green, END:CG-10-1-1, START:CG-1739-1-4, FIBRE_OWNER:Group Telecom], [PAYLOAD:PIF-11298, SHEATH:CG-SH3-264f, NOTES:CPR0004CGE, FIBRE_SYSTEM:CG-10:CG-467:fs3, BUFFER:Blue, FIBRE:Brown, END:CG-10-1-1, START:CG-1739-1-4, FIBRE_OWNER:Group Telecom], [PAYLOAD:PIF-10146, SHEATH:CG-SH3-264f, NOTES:Royal Park Tower, FIBRE_SYSTEM:CG-10:CG-497:fs1, BUFFER:Blue, FIBRE:Slate, END:CG-10-1-1, START:CG-1739-1-4, FIBRE_OWNER:Group Telecom], [PAYLOAD:PIF-10146, SHEATH:CG-SH3-264f, NOTES:Royal Park Tower, FIBRE_SYSTEM:CG-10:CG-497:fs1, BUFFER:Blue, FIBRE:White, END:CG-10-1-1, START:CG-1739-1-4, FIBRE_OWNER:Group Telecom], [PAYLOAD:PIF-10021, SHEATH:CG-SH3-264f, NOTES:Nova Chem Bldg, FIBRE_SYSTEM:CG-10:CG-611:fs1, BUFFER:Blue, FIBRE:Red, END:CG-10-1-1, START:CG-1739-1-4, FIBRE_OWNER:Group Telecom], [PAYLOAD:PIF-10021, SHEATH:CG-SH3-264f, NOTES:Nova Chem Bldg, FIBRE_SYSTEM:CG-10:CG-611:fs1, BUFFER:Blue, FIBRE:Black, END:CG-10-1-1, START:CG-1739-1-4, FIBRE_OWNER:Group Telecom], [PAYLOAD:PIF-10868, SHEATH:CG-SH3-264f, NOTES:Bankers Hall, FIBRE_SYSTEM:CG-10:CG-260:fs3, BUFFER:Blue, FIBRE:Yellow, END:CG-10-1-1, START:CG-1739-1-4, FIBRE_OWNER:Group Telecom], [PAYLOAD:PIF-10868, SHEATH:CG-SH3-264f, NOTES:Bankers Hall, FIBRE_SYSTEM:CG-10:CG-260:fs3, BUFFER:Blue, FIBRE:Violet, END:CG-10-1-1, START:CG-1739-1-4, FIBRE_OWNER:Group Telecom], [PAYLOAD:81915, SHEATH:CG-SH3-264f, NOTES:Bell IDP U06633, FIBRE_SYSTEM:CG-10:CG-88:fs19, BUFFER:Blue, FIBRE:Rose, END:CG-10-1-1, START:CG-1739-1-4, FIBRE_OWNER:Group Telecom], [PAYLOAD:81915, SHEATH:CG-SH3-264f, NOTES:Bell IDP U06633, FIBRE_SYSTEM:CG-10:CG-88:fs19, BUFFER:Blue, FIBRE:Aqua, END:CG-10-1-1, START:CG-1739-1-4, FIBRE_OWNER:Group Telecom], [PAYLOAD:1275, SHEATH:CG-SH3-264f, NOTES:Western Gas Tower, FIBRE_SYSTEM:CG-10:CG-749:fs8, BUFFER:Orange, FIBRE:Blue, END:CG-10-1-1, START:CG-1739-1-4, FIBRE_OWNER:Group Telecom], [PAYLOAD:1275, SHEATH:CG-SH3-264f, NOTES:Western Gas Tower, FIBRE_SYSTEM:CG-10:CG-749:fs8, BUFFER:Orange, FIBRE:Orange, END:CG-10-1-1, START:CG-1739-1-4, FIBRE_OWNER:Group Telecom], [PAYLOAD:PIF-11359, SHEATH:CG-SH3-264f, NOTES:Manulife House II, FIBRE_SYSTEM:CG-10:CG-365xx:fs2, BUFFER:Orange, FIBRE:Green, END:CG-10-1-1, START:CG-1739-1-4, FIBRE_OWNER:Group Telecom], [PAYLOAD:PIF-11359, SHEATH:CG-SH3-264f, NOTES:Manulife House II, FIBRE_SYSTEM:CG-10:CG-365xx:fs2, BUFFER:Orange, FIBRE:Brown, END:CG-10-1-1, START:CG-1739-1-4, FIBRE_OWNER:Group Telecom], [PAYLOAD:PIF-10598, SHEATH:CG-SH3-264f, NOTES:Sprint, FIBRE_SYSTEM:CG-10:CG-88:fs3, BUFFER:Orange, FIBRE:Slate, END:CG-10-1-1, START:CG-1739-1-4, FIBRE_OWNER:Group Telecom], [PAYLOAD:PIF-10598, SHEATH:CG-SH3-264f, NOTES:Sprint, FIBRE_SYSTEM:CG-10:CG-88:fs3, BUFFER:Orange, FIBRE:White, END:CG-10-1-1, START:CG-1739-1-4, FIBRE_OWNER:Group Telecom], [PAYLOAD:PIF-1490, SHEATH:CG-SH3-264f, NOTES:Scotia Centre, FIBRE_SYSTEM:CG-10:CG-556:fs1, BUFFER:Orange, FIBRE:Red, END:CG-10-1-1, START:CG-1739-1-4, FIBRE_OWNER:Group Telecom], [PAYLOAD:PIF-1490, SHEATH:CG-SH3-264f, NOTES:Scotia Centre, FIBRE_SYSTEM:CG-10:CG-556:fs1, BUFFER:Orange, FIBRE:Black, END:CG-10-1-1, START:CG-1739-1-4, FIBRE_OWNER:Group Telecom], [PAYLOAD:null, SHEATH:CG-SH3-264f, NOTES:Group Telecom, FIBRE_SYSTEM:null, BUFFER:Orange, FIBRE:Rose, END:CG-10-1-1, START:CG-1739-1-4, FIBRE_OWNER:Group Telecom], [PAYLOAD:null, SHEATH:CG-SH3-264f, NOTES:Group Telecom, FIBRE_SYSTEM:null, BUFFER:Orange, FIBRE:Aqua, END:CG-10-1-1, START:CG-1739-1-4, FIBRE_OWNER:Group Telecom], [PAYLOAD:null, SHEATH:CG-SH3-264f, NOTES:null, FIBRE_SYSTEM:null, BUFFER:Green, FIBRE:Blue, END:CG-10-1-1, START:CG-1739-1-4, FIBRE_OWNER:Group Telecom], [PAYLOAD:null, SHEATH:CG-SH3-264f, NOTES:null, FIBRE_SYSTEM:null, BUFFER:Green, FIBRE:Orange, END:CG-10-1-1, START:CG-1739-1-4, FIBRE_OWNER:Group Telecom], [PAYLOAD:PIF-10942, SHEATH:CG-SH3-264f, NOTES:Cascade Bldg, FIBRE_SYSTEM:CG-10:CG-429:fs1, BUFFER:Green, FIBRE:Green, END:CG-10-1-1, START:CG-1739-1-4, FIBRE_OWNER:Group Telecom], [PAYLOAD:PIF-10942, SHEATH:CG-SH3-264f, NOTES:Cascade Bldg, FIBRE_SYSTEM:CG-10:CG-429:fs1, BUFFER:Green, FIBRE:Brown, END:CG-10-1-1, START:CG-1739-1-4, FIBRE_OWNER:Group Telecom], [PAYLOAD:PIF-10182, SHEATH:CG-SH3-264f, NOTES:Dorchester Sq, FIBRE_SYSTEM:CG-10:CG-456:fs1, BUFFER:Green, FIBRE:Slate, END:CG-10-1-1, START:CG-1739-1-4, FIBRE_OWNER:Group Telecom], [PAYLOAD:null, SHEATH:CG-SH3-264f, NOTES:Dorchester Sq, FIBRE_SYSTEM:null, BUFFER:Green, FIBRE:White, END:CG-10-1-1, START:CG-1739-1-4, FIBRE_OWNER:Group Telecom], [PAYLOAD:PIF-10501, SHEATH:CG-SH3-264f, NOTES:1st West Profsl Bldg, FIBRE_SYSTEM:CG-10:CG-710:fs1, BUFFER:Green, FIBRE:Red, END:CG-10-1-1, START:CG-1739-1-4, FIBRE_OWNER:Group Telecom], [PAYLOAD:PIF-10501, SHEATH:CG-SH3-264f, NOTES:1st West Profsl Bldg, FIBRE_SYSTEM:CG-10:CG-710:fs1, BUFFER:Green, FIBRE:Black, END:CG-10-1-1, START:CG-1739-1-4, FIBRE_OWNER:Group Telecom], [PAYLOAD:null, SHEATH:CG-SH3-264f, NOTES:null, FIBRE_SYSTEM:null, BUFFER:Green, FIBRE:Yellow, END:CG-10-1-1, START:CG-1739-1-4, FIBRE_OWNER:Group Telecom], [PAYLOAD:null, SHEATH:CG-SH3-264f, NOTES:null, FIBRE_SYSTEM:null, BUFFER:Green, FIBRE:Violet, END:CG-10-1-1, START:CG-1739-1-4, FIBRE_OWNER:Group Telecom], [PAYLOAD:null, SHEATH:CG-SH3-264f, NOTES:null, FIBRE_SYSTEM:null, BUFFER:Green, FIBRE:Rose, END:CG-10-1-1, START:CG-1739-1-4, FIBRE_OWNER:Group Telecom], [PAYLOAD:null, SHEATH:CG-SH3-264f, NOTES:null, FIBRE_SYSTEM:null, BUFFER:Green, FIBRE:Aqua, END:CG-10-1-1, START:CG-1739-1-4, FIBRE_OWNER:Group Telecom], [PAYLOAD:PIF-11111, SHEATH:CG-SH3-264f, NOTES:Smart Technologies, FIBRE_SYSTEM:CG-10:CG-1058:fs1, BUFFER:Brown, FIBRE:Blue, END:CG-10-1-1, START:CG-1739-1-4, FIBRE_OWNER:Group Telecom], [PAYLOAD:PIF-11111, SHEATH:CG-SH3-264f, NOTES:Smart Technologies, FIBRE_SYSTEM:CG-10:CG-1058:fs1, BUFFER:Brown, FIBRE:Orange, END:CG-10-1-1, START:CG-1739-1-4, FIBRE_OWNER:Group Telecom], [PAYLOAD:PIF-10567, SHEATH:CG-SH3-264f, NOTES:Palliser Sq 1, FIBRE_SYSTEM:CG-10:CG-721:fs1, BUFFER:Brown, FIBRE:Green, END:CG-10-1-1, START:CG-1739-1-4, FIBRE_OWNER:Group Telecom], [PAYLOAD:PIF-10567, SHEATH:CG-SH3-264f, NOTES:Palliser Sq 1, FIBRE_SYSTEM:CG-10:CG-721:fs1, BUFFER:Brown, FIBRE:Brown, END:CG-10-1-1, START:CG-1739-1-4, FIBRE_OWNER:Group Telecom], [PAYLOAD:null, SHEATH:CG-SH3-264f, NOTES:null, FIBRE_SYSTEM:null, BUFFER:Brown, FIBRE:Slate, END:CG-10-1-1, START:CG-1739-1-4, FIBRE_OWNER:Group Telecom], [PAYLOAD:null, SHEATH:CG-SH3-264f, NOTES:null, FIBRE_SYSTEM:null, BUFFER:Brown, FIBRE:White, END:CG-10-1-1, START:CG-1739-1-4, FIBRE_OWNER:Group Telecom], [PAYLOAD:PIF-10391, SHEATH:CG-SH3-264f, NOTES:Sutton Hall Bldg, FIBRE_SYSTEM:CG-10:CG-767:fs1, BUFFER:Brown, FIBRE:Red, END:CG-10-1-1, START:CG-1739-1-4, FIBRE_OWNER:Group Telecom], [PAYLOAD:PIF-10391, SHEATH:CG-SH3-264f, NOTES:Sutton Hall Bldg, FIBRE_SYSTEM:CG-10:CG-767:fs1, BUFFER:Brown, FIBRE:Black, END:CG-10-1-1, START:CG-1739-1-4, FIBRE_OWNER:Group Telecom], [PAYLOAD:PIF-10322, SHEATH:CG-SH3-264f, NOTES:Bankers Hall, FIBRE_SYSTEM:CG-10:CG-260:fs4, BUFFER:Brown, FIBRE:Yellow, END:CG-10-1-1, START:CG-1739-1-4, FIBRE_OWNER:Group Telecom], [PAYLOAD:PIF-10322, SHEATH:CG-SH3-264f, NOTES:Bankers Hall, FIBRE_SYSTEM:CG-10:CG-260:fs4, BUFFER:Brown, FIBRE:Violet, END:CG-10-1-1, START:CG-1739-1-4, FIBRE_OWNER:Group Telecom], [PAYLOAD:81915, SHEATH:CG-SH3-264f, NOTES:Bell IDP U06633, FIBRE_SYSTEM:CG-10:CG-88:fs19, BUFFER:Brown, FIBRE:Rose, END:CG-10-1-1, START:CG-1739-1-4, FIBRE_OWNER:Group Telecom], [PAYLOAD:81915, SHEATH:CG-SH3-264f, NOTES:Bell IDP U06633, FIBRE_SYSTEM:CG-10:CG-88:fs19, BUFFER:Brown, FIBRE:Aqua, END:CG-10-1-1, START:CG-1739-1-4, FIBRE_OWNER:Group Telecom], [PAYLOAD:null, SHEATH:CG-SH3-264f, NOTES:OC1 Ring, FIBRE_SYSTEM:null, BUFFER:Slate, FIBRE:Blue, END:CG-10-1-1, START:CG-1739-1-4, FIBRE_OWNER:Group Telecom], [PAYLOAD
[...]
            "BUFFER": "Orange",
            "FIBRE": "Red",
            "END": "CG-10-1-1",
            "START": "CG-10386-1-1",
            "FIBRE_OWNER": "Group Telecom"
        },
        {
            "PAYLOAD": "2301",
            "SHEATH": "CG-SH185-48f",
            "NOTES": "West SHE-Dntn (GT)",
            "FIBRE_SYSTEM": "CG-1:CG-10:fs34",
            "BUFFER": "Orange",
            "FIBRE": "Black",
            "END": "CG-10-1-1",
            "START": "CG-10386-1-1",
            "FIBRE_OWNER": "Group Telecom"
        },
        {
            "PAYLOAD": "CCDT-124-L1000,PIF-10014",
            "SHEATH": "CG-SH185-48f",
            "NOTES": "CG1:10 Sonet Ring",
            "FIBRE_SYSTEM": "CG-1:CG-10:fs4",
            "BUFFER": "Green",
            "FIBRE": "Blue",
            "END": "CG-10-1-1",
            "START": "CG-10386-1-1",
            "FIBRE_OWNER": "Group Telecom"
        },
        {
            "PAYLOAD": "CCDT-124-L1000,PIF-10014",
            "SHEATH": "CG-SH185-48f",
            "NOTES": "CG1:10 Sonet Ring",
            "FIBRE_SYSTEM": "CG-1:CG-10:fs4",
            "BUFFER": "Green",
            "FIBRE": "Orange",
            "END": "CG-10-1-1",
            "START": "CG-10386-1-1",
            "FIBRE_OWNER": "Group Telecom"
        },
        {
            "PAYLOAD": "PIF-10161",
            "SHEATH": "CG-SH185-48f",
            "NOTES": "Wellington Bldg",
            "FIBRE_SYSTEM": "CG-10:CG-672:fs2",
            "BUFFER": "Green",
            "FIBRE": "Yellow",
            "END": "CG-10-1-1",
            "START": "CG-10386-1-1",
            "FIBRE_OWNER": "Group Telecom"
        },
        {
            "PAYLOAD": "PIF-10161",
            "SHEATH": "CG-SH185-48f",
            "NOTES": "Wellington Bldg",
            "FIBRE_SYSTEM": "CG-10:CG-672:fs2",
            "BUFFER": "Green",
            "FIBRE": "Violet",
            "END": "CG-10-1-1",
            "START": "CG-10386-1-1",
            "FIBRE_OWNER": "Group Telecom"
        },
        {
            "PAYLOAD": "2841",
            "SHEATH": "CG-SH185-48f",
            "NOTES": "U of C (GT)",
            "FIBRE_SYSTEM": "CG-10:CG-208:fs4",
            "BUFFER": "Green",
            "FIBRE": "Rose",
            "END": "CG-10-1-1",
            "START": "CG-10386-1-1",
            "FIBRE_OWNER": "Group Telecom"
        },
        {
            "PAYLOAD": "2841",
            "SHEATH": "CG-SH185-48f",
            "NOTES": "U of C (GT)",
            "FIBRE_SYSTEM": "CG-10:CG-208:fs4",
            "BUFFER": "Green",
            "FIBRE": "Aqua",
            "END": "CG-10-1-1",
            "START": "CG-10386-1-1",
            "FIBRE_OWNER": "Group Telecom"
        },
        {
            "PAYLOAD": null,
            "SHEATH": "CG-SH185-48f",
            "NOTES": null,
            "FIBRE_SYSTEM": null,
            "BUFFER": "Brown",
            "FIBRE": "Green",
            "END": "CG-10-1-1",
            "START": "CG-10386-1-1",
            "FIBRE_OWNER": "Group Telecom"
        },
        {
            "PAYLOAD": null,
            "SHEATH": "CG-SH185-48f",
            "NOTES": null,
            "FIBRE_SYSTEM": null,
            "BUFFER": "Brown",
            "FIBRE": "Brown",
            "END": "CG-10-1-1",
            "START": "CG-10386-1-1",
            "FIBRE_OWNER": "Group Telecom"
        },
        {
            "PAYLOAD": "PIF-10195",
            "SHEATH": "CG-SH185-48f",
            "NOTES": "Sonet",
            "FIBRE_SYSTEM": "CG-2:CG-10:fs2",
            "BUFFER": "Brown",
            "FIBRE": "Red",
            "END": "CG-10-1-1",
            "START": "CG-10386-1-1",
            "FIBRE_OWNER": "Group Telecom"
        },
        {
            "PAYLOAD": "PIF-10195",
            "SHEATH": "CG-SH185-48f",
            "NOTES": "Sonet",
            "FIBRE_SYSTEM": "CG-2:CG-10:fs2",
            "BUFFER": "Brown",
            "FIBRE": "Black",
            "END": "CG-10-1-1",
            "START": "CG-10386-1-1",
            "FIBRE_OWNER": "Group Telecom"
        },
        {
            "PAYLOAD": null,
            "SHEATH": "CG-SH185-48f",
            "NOTES": "*BW-B2606A-1,CG-1:CG-10 Empty",
            "FIBRE_SYSTEM": null,
            "BUFFER": "Brown",
            "FIBRE": "Yellow",
            "END": "CG-10-1-1",
            "START": "CG-10386-1-1",
            "FIBRE_OWNER": "Group Telecom"
        },
        {
            "PAYLOAD": null,
            "SHEATH": "CG-SH185-48f",
            "NOTES": "*BW-B2606A-2,CG-1:CG-10 Empty",
            "FIBRE_SYSTEM": null,
            "BUFFER": "Brown",
            "FIBRE": "Violet",
            "END": "CG-10-1-1",
            "START": "CG-10386-1-1",
            "FIBRE_OWNER": "Group Telecom"
        }
    ]
}
Actual body: [[PAYLOAD:PIF-10938, SHEATH:CG-SH185-48f, NOTES:AT&T CO, FIBRE_SYSTEM:CG-10:EN-766:fs5, BUFFER:Blue, FIBRE:Green, END:CG-10-1-1, START:CG-10386-1-1, FIBRE_OWNER:Group Telecom], [PAYLOAD:PIF-10938, SHEATH:CG-SH185-48f, NOTES:AT&T CO, FIBRE_SYSTEM:CG-10:EN-766:fs5, BUFFER:Blue, FIBRE:Brown, END:CG-10-1-1, START:CG-10386-1-1, FIBRE_OWNER:Group Telecom], [PAYLOAD:PIF-11210, SHEATH:CG-SH185-48f, NOTES:UofC to Bell Nexxia, FIBRE_SYSTEM:CG-208:CG-818:fs1, BUFFER:Blue, FIBRE:Slate, END:CG-10-1-1, START:CG-10386-1-1, FIBRE_OWNER:Group Telecom], [PAYLOAD:PIF-11210, SHEATH:CG-SH185-48f, NOTES:UofC to Bell Nexxia, FIBRE_SYSTEM:CG-208:CG-818:fs1, BUFFER:Blue, FIBRE:White, END:CG-10-1-1, START:CG-10386-1-1, FIBRE_OWNER:Group Telecom], [PAYLOAD:PIF-10495, SHEATH:CG-SH185-48f, NOTES:ATM Backbone, FIBRE_SYSTEM:CG-1:CG-10:fs2, BUFFER:Orange, FIBRE:Slate, END:CG-10-1-1, START:CG-10386-1-1, FIBRE_OWNER:Group Telecom], [PAYLOAD:PIF-10495, SHEATH:CG-SH185-48f, NOTES:ATM Backbone, FIBRE_SYSTEM:CG-1:CG-10:fs2, BUFFER:Orange, FIBRE:White, END:CG-10-1-1, START:CG-10386-1-1, FIBRE_OWNER:Group Telecom], [PAYLOAD:2301, SHEATH:CG-SH185-48f, NOTES:West SHE-Dntn (GT), FIBRE_SYSTEM:CG-1:CG-10:fs34, BUFFER:Orange, FIBRE:Red, END:CG-10-1-1, START:CG-10386-1-1, FIBRE_OWNER:Group Telecom], [PAYLOAD:2301, SHEATH:CG-SH185-48f, NOTES:West SHE-Dntn (GT), FIBRE_SYSTEM:CG-1:CG-10:fs34, BUFFER:Orange, FIBRE:Black, END:CG-10-1-1, START:CG-10386-1-1, FIBRE_OWNER:Group Telecom], [PAYLOAD:CCDT-124-L1000,PIF-10014, SHEATH:CG-SH185-48f, NOTES:CG1:10 Sonet Ring, FIBRE_SYSTEM:CG-1:CG-10:fs4, BUFFER:Green, FIBRE:Blue, END:CG-10-1-1, START:CG-10386-1-1, FIBRE_OWNER:Group Telecom], [PAYLOAD:CCDT-124-L1000,PIF-10014, SHEATH:CG-SH185-48f, NOTES:CG1:10 Sonet Ring, FIBRE_SYSTEM:CG-1:CG-10:fs4, BUFFER:Green, FIBRE:Orange, END:CG-10-1-1, START:CG-10386-1-1, FIBRE_OWNER:Group Telecom], [PAYLOAD:PIF-10161, SHEATH:CG-SH185-48f, NOTES:Wellington Bldg, FIBRE_SYSTEM:CG-10:CG-672:fs2, BUFFER:Green, FIBRE:Yellow, END:CG-10-1-1, START:CG-10386-1-1, FIBRE_OWNER:Group Telecom], [PAYLOAD:PIF-10161, SHEATH:CG-SH185-48f, NOTES:Wellington Bldg, FIBRE_SYSTEM:CG-10:CG-672:fs2, BUFFER:Green, FIBRE:Violet, END:CG-10-1-1, START:CG-10386-1-1, FIBRE_OWNER:Group Telecom], [PAYLOAD:2841, SHEATH:CG-SH185-48f, NOTES:U of C (GT), FIBRE_SYSTEM:CG-10:CG-208:fs4, BUFFER:Green, FIBRE:Rose, END:CG-10-1-1, START:CG-10386-1-1, FIBRE_OWNER:Group Telecom], [PAYLOAD:2841, SHEATH:CG-SH185-48f, NOTES:U of C (GT), FIBRE_SYSTEM:CG-10:CG-208:fs4, BUFFER:Green, FIBRE:Aqua, END:CG-10-1-1, START:CG-10386-1-1, FIBRE_OWNER:Group Telecom], [PAYLOAD:null, SHEATH:CG-SH185-48f, NOTES:null, FIBRE_SYSTEM:null, BUFFER:Brown, FIBRE:Green, END:CG-10-1-1, START:CG-10386-1-1, FIBRE_OWNER:Group Telecom], [PAYLOAD:null, SHEATH:CG-SH185-48f, NOTES:null, FIBRE_SYSTEM:null, BUFFER:Brown, FIBRE:Brown, END:CG-10-1-1, START:CG-10386-1-1, FIBRE_OWNER:Group Telecom], [PAYLOAD:PIF-10195, SHEATH:CG-SH185-48f, NOTES:Sonet, FIBRE_SYSTEM:CG-2:CG-10:fs2, BUFFER:Brown, FIBRE:Red, END:CG-10-1-1, START:CG-10386-1-1, FIBRE_OWNER:Group Telecom], [PAYLOAD:PIF-10195, SHEATH:CG-SH185-48f, NOTES:Sonet, FIBRE_SYSTEM:CG-2:CG-10:fs2, BUFFER:Brown, FIBRE:Black, END:CG-10-1-1, START:CG-10386-1-1, FIBRE_OWNER:Group Telecom], [PAYLOAD:null, SHEATH:CG-SH185-48f, NOTES:*BW-B2606A-1,CG-1:CG-10 Empty, FIBRE_SYSTEM:null, BUFFER:Brown, FIBRE:Yellow, END:CG-10-1-1, START:CG-10386-1-1, FIBRE_OWNER:Group Telecom], [PAYLOAD:null, SHEATH:CG-SH185-48f, NOTES:*BW-B2606A-2,CG-1:CG-10 Empty, FIBRE_SYSTEM:null, BUFFER:Brown, FIBRE:Violet, END:CG-10-1-1, START:CG-10386-1-1, FIBRE_OWNER:Group Telecom]]
Expected Body: [[PAYLOAD:PIF-10938, SHEATH:CG-SH185-48f, NOTES:AT&T CO, FIBRE_SYSTEM:CG-10:EN-766:fs5, BUFFER:Blue, FIBRE:Green, END:CG-10-1-1, START:CG-10386-1-1, FIBRE_OWNER:Group Telecom], [PAYLOAD:PIF-10938, SHEATH:CG-SH185-48f, NOTES:AT&T CO, FIBRE_SYSTEM:CG-10:EN-766:fs5, BUFFER:Blue, FIBRE:Brown, END:CG-10-1-1, START:CG-10386-1-1, FIBRE_OWNER:Group Telecom], [PAYLOAD:PIF-11210, SHEATH:CG-SH185-48f, NOTES:UofC to Bell Nexxia, FIBRE_SYSTEM:CG-208:CG-818:fs1, BUFFER:Blue, FIBRE:Slate, END:CG-10-1-1, START:CG-10386-1-1, FIBRE_OWNER:Group Telecom], [PAYLOAD:PIF-11210, SHEATH:CG-SH185-48f, NOTES:UofC to Bell Nexxia, FIBRE_SYSTEM:CG-208:CG-818:fs1, BUFFER:Blue, FIBRE:White, END:CG-10-1-1, START:CG-10386-1-1, FIBRE_OWNER:Group Telecom], [PAYLOAD:PIF-10495, SHEATH:CG-SH185-48f, NOTES:ATM Backbone, FIBRE_SYSTEM:CG-1:CG-10:fs2, BUFFER:Orange, FIBRE:Slate, END:CG-10-1-1, START:CG-10386-1-1, FIBRE_OWNER:Group Telecom], [PAYLOAD:PIF-10495, SHEATH:CG-SH185-48f, NOTES:ATM Backbone, FIBRE_SYSTEM:CG-1:CG-10:fs2, BUFFER:Orange, FIBRE:White, END:CG-10-1-1, START:CG-10386-1-1, FIBRE_OWNER:Group Telecom], [PAYLOAD:2301, SHEATH:CG-SH185-48f, NOTES:West SHE-Dntn (GT), FIBRE_SYSTEM:CG-1:CG-10:fs34, BUFFER:Orange, FIBRE:Red, END:CG-10-1-1, START:CG-10386-1-1, FIBRE_OWNER:Group Telecom], [PAYLOAD:2301, SHEATH:CG-SH185-48f, NOTES:West SHE-Dntn (GT), FIBRE_SYSTEM:CG-1:CG-10:fs34, BUFFER:Orange, FIBRE:Black, END:CG-10-1-1, START:CG-10386-1-1, FIBRE_OWNER:Group Telecom], [PAYLOAD:CCDT-124-L1000,PIF-10014, SHEATH:CG-SH185-48f, NOTES:CG1:10 Sonet Ring, FIBRE_SYSTEM:CG-1:CG-10:fs4, BUFFER:Green, FIBRE:Blue, END:CG-10-1-1, START:CG-10386-1-1, FIBRE_OWNER:Group Telecom], [PAYLOAD:CCDT-124-L1000,PIF-10014, SHEATH:CG-SH185-48f, NOTES:CG1:10 Sonet Ring, FIBRE_SYSTEM:CG-1:CG-10:fs4, BUFFER:Green, FIBRE:Orange, END:CG-10-1-1, START:CG-10386-1-1, FIBRE_OWNER:Group Telecom], [PAYLOAD:PIF-10161, SHEATH:CG-SH185-48f, NOTES:Wellington Bldg, FIBRE_SYSTEM:CG-10:CG-672:fs2, BUFFER:Green, FIBRE:Yellow, END:CG-10-1-1, START:CG-10386-1-1, FIBRE_OWNER:Group Telecom], [PAYLOAD:PIF-10161, SHEATH:CG-SH185-48f, NOTES:Wellington Bldg, FIBRE_SYSTEM:CG-10:CG-672:fs2, BUFFER:Green, FIBRE:Violet, END:CG-10-1-1, START:CG-10386-1-1, FIBRE_OWNER:Group Telecom], [PAYLOAD:2841, SHEATH:CG-SH185-48f, NOTES:U of C (GT), FIBRE_SYSTEM:CG-10:CG-208:fs4, BUFFER:Green, FIBRE:Rose, END:CG-10-1-1, START:CG-10386-1-1, FIBRE_OWNER:Group Telecom], [PAYLOAD:2841, SHEATH:CG-SH185-48f, NOTES:U of C (GT), FIBRE_SYSTEM:CG-10:CG-208:fs4, BUFFER:Green, FIBRE:Aqua, END:CG-10-1-1, START:CG-10386-1-1, FIBRE_OWNER:Group Telecom], [PAYLOAD:null, SHEATH:CG-SH185-48f, NOTES:null, FIBRE_SYSTEM:null, BUFFER:Brown, FIBRE:Green, END:CG-10-1-1, START:CG-10386-1-1, FIBRE_OWNER:Group Telecom], [PAYLOAD:null, SHEATH:CG-SH185-48f, NOTES:null, FIBRE_SYSTEM:null, BUFFER:Brown, FIBRE:Brown, END:CG-10-1-1, START:CG-10386-1-1, FIBRE_OWNER:Group Telecom], [PAYLOAD:PIF-10195, SHEATH:CG-SH185-48f, NOTES:Sonet, FIBRE_SYSTEM:CG-2:CG-10:fs2, BUFFER:Brown, FIBRE:Red, END:CG-10-1-1, START:CG-10386-1-1, FIBRE_OWNER:Group Telecom], [PAYLOAD:PIF-10195, SHEATH:CG-SH185-48f, NOTES:Sonet, FIBRE_SYSTEM:CG-2:CG-10:fs2, BUFFER:Brown, FIBRE:Black, END:CG-10-1-1, START:CG-10386-1-1, FIBRE_OWNER:Group Telecom], [PAYLOAD:null, SHEATH:CG-SH185-48f, NOTES:*BW-B2606A-1,CG-1:CG-10 Empty, FIBRE_SYSTEM:null, BUFFER:Brown, FIBRE:Yellow, END:CG-10-1-1, START:CG-10386-1-1, FIBRE_OWNER:Group Telecom], [PAYLOAD:null, SHEATH:CG-SH185-48f, NOTES:*BW-B2606A-2,CG-1:CG-10 Empty, FIBRE_SYSTEM:null, BUFFER:Brown, FIBRE:Violet, END:CG-10-1-1, START:CG-10386-1-1, FIBRE_OWNER:Group Telecom]]
]]></system-out>
    <system-err><![CDATA[Sept 02, 2024 12:34:54 PM org.apache.http.client.protocol.RequestTargetAuthentication process
WARNING: NEGOTIATE authentication error: No valid credentials provided (Mechanism level: No valid credentials provided (Mechanism level: Failed to find any Kerberos tgt))
Sept 02, 2024 12:34:54 PM org.apache.http.client.protocol.RequestTargetAuthentication process
WARNING: NTLM authentication error: Credentials cannot be used for NTLM authentication: org.apache.http.auth.UsernamePasswordCredentials
]]></system-err>
  </testcase>
  <testcase name="PayloadReport_ThirdParty[PIF, , , ](3)" classname="api.test.ShawTests" time="25.607">
    <failure message="expected [] but found [null]" type="java.lang.AssertionError"><![CDATA[java.lang.AssertionError: expected [] but found [null]
	at org.testng.Assert.fail(Assert.java:111)
	at org.testng.Assert.failNotEquals(Assert.java:1578)
	at org.testng.Assert.assertEqualsImpl(Assert.java:150)
	at org.testng.Assert.assertEquals(Assert.java:132)
	at org.testng.Assert.assertEquals(Assert.java:656)
	at org.testng.Assert.assertEquals(Assert.java:666)
	at api.test.ShawTests.PayloadReport_ThirdParty(ShawTests.java:114)
	at java.base/jdk.internal.reflect.DirectMethodHandleAccessor.invoke(DirectMethodHandleAccessor.java:103)
	at java.base/java.lang.reflect.Method.invoke(Method.java:580)
	at org.testng.internal.invokers.MethodInvocationHelper.invokeMethod(MethodInvocationHelper.java:141)
	at org.testng.internal.invokers.TestInvoker.invokeMethod(TestInvoker.java:686)
	at org.testng.internal.invokers.TestInvoker.invokeTestMethod(TestInvoker.java:230)
	at org.testng.internal.invokers.MethodRunner.runInSequence(MethodRunner.java:63)
	at org.testng.internal.invokers.TestInvoker$MethodInvocationAgent.invoke(TestInvoker.java:992)
	at org.testng.internal.invokers.TestInvoker.invokeTestMethods(TestInvoker.java:203)
	at org.testng.internal.invokers.TestMethodWorker.invokeTestMethods(TestMethodWorker.java:154)
	at org.testng.internal.invokers.TestMethodWorker.run(TestMethodWorker.java:134)
	at java.base/java.util.ArrayList.forEach(ArrayList.java:1597)
	at org.testng.TestRunner.privateRun(TestRunner.java:739)
	at org.testng.TestRunner.run(TestRunner.java:614)
	at org.testng.SuiteRunner.runTest(SuiteRunner.java:421)
	at org.testng.SuiteRunner.runSequentially(SuiteRunner.java:413)
	at org.testng.SuiteRunner.privateRun(SuiteRunner.java:373)
	at org.testng.SuiteRunner.run(SuiteRunner.java:312)
	at org.testng.SuiteRunnerWorker.runSuite(SuiteRunnerWorker.java:52)
	at org.testng.SuiteRunnerWorker.run(SuiteRunnerWorker.java:95)
	at org.testng.TestNG.runSuitesSequentially(TestNG.java:1274)
	at org.testng.TestNG.runSuitesLocally(TestNG.java:1208)
	at org.testng.TestNG.runSuites(TestNG.java:1112)
	at org.testng.TestNG.run(TestNG.java:1079)
	at org.apache.maven.surefire.testng.TestNGExecutor.run(TestNGExecutor.java:308)
	at org.apache.maven.surefire.testng.TestNGXmlTestSuite.execute(TestNGXmlTestSuite.java:71)
	at org.apache.maven.surefire.testng.TestNGProvider.invoke(TestNGProvider.java:113)
	at org.apache.maven.surefire.booter.ForkedBooter.runSuitesInProcess(ForkedBooter.java:385)
	at org.apache.maven.surefire.booter.ForkedBooter.execute(ForkedBooter.java:162)
	at org.apache.maven.surefire.booter.ForkedBooter.run(ForkedBooter.java:507)
	at org.apache.maven.surefire.booter.ForkedBooter.main(ForkedBooter.java:495)
]]></failure>
    <system-out><![CDATA[{
    "Summary": [
        [
            "Date",
            "2024-09-02 17:05:24"
        ],
        [
            "User",
            "SPATIALNETWORX\\rakk0001"
        ],
        [
            "Request URL",
            "http://10.246.4.103/spatialSTORM/spatialSUITE/v8_6_2/custom/PayloadReport?ReportType=PIF&Sheath=&Segment="
        ],
        [
            "Request Processing time (s)",
            0.0080027
        ]
    ],
    "Issues": [
        {
            "Code": "009",
            "CodeMessage": "Data or input error: Could not identify exactly one resource matching the provided identifier",
            "Detail": "Could not match a Sheath to the name provided: ",
            "Severity": "ERROR",
            "StackTrace": [
                "   at CustomServicesPlugin.WorkOrderReports.PayloadReportHandlerBase.gather(IStore store) in c:\\jenkins\\TestPipelines\\Services\\5\\Shaw\\spatialstorm\\DEV\\CSharp\\CustomServicesPlugin\\WorkOrderReports\\PayloadReport.cs:line 156",
                "   at CustomServicesPlugin.WorkOrderReports.PayloadReportHandlerBase.Request(IStore store, Context context, PayloadReportRequest request) in c:\\jenkins\\TestPipelines\\Services\\5\\Shaw\\spatialstorm\\DEV\\CSharp\\CustomServicesPlugin\\WorkOrderReports\\PayloadReport.cs:line 72"
            ],
            "InnerException": null
        }
    ],
    "Data": null
}
Actual body: null
An error occurred.
]]></system-out>
    <system-err><![CDATA[Sept 02, 2024 12:35:25 PM org.apache.http.client.protocol.RequestTargetAuthentication process
WARNING: NEGOTIATE authentication error: No valid credentials provided (Mechanism level: No valid credentials provided (Mechanism level: Failed to find any Kerberos tgt))
Sept 02, 2024 12:35:25 PM org.apache.http.client.protocol.RequestTargetAuthentication process
WARNING: NTLM authentication error: Credentials cannot be used for NTLM authentication: org.apache.http.auth.UsernamePasswordCredentials
java.io.FileNotFoundException: 
	at java.base/java.io.FileInputStream.open0(Native Method)
	at java.base/java.io.FileInputStream.open(FileInputStream.java:213)
	at java.base/java.io.FileInputStream.<init>(FileInputStream.java:152)
	at java.base/java.util.Scanner.<init>(Scanner.java:662)
	at api.test.ShawTests.PayloadReport_ThirdParty(ShawTests.java:103)
	at java.base/jdk.internal.reflect.DirectMethodHandleAccessor.invoke(DirectMethodHandleAccessor.java:103)
	at java.base/java.lang.reflect.Method.invoke(Method.java:580)
	at org.testng.internal.invokers.MethodInvocationHelper.invokeMethod(MethodInvocationHelper.java:141)
	at org.testng.internal.invokers.TestInvoker.invokeMethod(TestInvoker.java:686)
	at org.testng.internal.invokers.TestInvoker.invokeTestMethod(TestInvoker.java:230)
	at org.testng.internal.invokers.MethodRunner.runInSequence(MethodRunner.java:63)
	at org.testng.internal.invokers.TestInvoker$MethodInvocationAgent.invoke(TestInvoker.java:992)
	at org.testng.internal.invokers.TestInvoker.invokeTestMethods(TestInvoker.java:203)
	at org.testng.internal.invokers.TestMethodWorker.invokeTestMethods(TestMethodWorker.java:154)
	at org.testng.internal.invokers.TestMethodWorker.run(TestMethodWorker.java:134)
	at java.base/java.util.ArrayList.forEach(ArrayList.java:1597)
	at org.testng.TestRunner.privateRun(TestRunner.java:739)
	at org.testng.TestRunner.run(TestRunner.java:614)
	at org.testng.SuiteRunner.runTest(SuiteRunner.java:421)
	at org.testng.SuiteRunner.runSequentially(SuiteRunner.java:413)
	at org.testng.SuiteRunner.privateRun(SuiteRunner.java:373)
	at org.testng.SuiteRunner.run(SuiteRunner.java:312)
	at org.testng.SuiteRunnerWorker.runSuite(SuiteRunnerWorker.java:52)
	at org.testng.SuiteRunnerWorker.run(SuiteRunnerWorker.java:95)
	at org.testng.TestNG.runSuitesSequentially(TestNG.java:1274)
	at org.testng.TestNG.runSuitesLocally(TestNG.java:1208)
	at org.testng.TestNG.runSuites(TestNG.java:1112)
	at org.testng.TestNG.run(TestNG.java:1079)
	at org.apache.maven.surefire.testng.TestNGExecutor.run(TestNGExecutor.java:308)
	at org.apache.maven.surefire.testng.TestNGXmlTestSuite.execute(TestNGXmlTestSuite.java:71)
	at org.apache.maven.surefire.testng.TestNGProvider.invoke(TestNGProvider.java:113)
	at org.apache.maven.surefire.booter.ForkedBooter.runSuitesInProcess(ForkedBooter.java:385)
	at org.apache.maven.surefire.booter.ForkedBooter.execute(ForkedBooter.java:162)
	at org.apache.maven.surefire.booter.ForkedBooter.run(ForkedBooter.java:507)
	at org.apache.maven.surefire.booter.ForkedBooter.main(ForkedBooter.java:495)
]]></system-err>
  </testcase>
</testsuite>