<?xml version="1.0" encoding="UTF-8"?>
<testng-results ignored="0" total="2" passed="2" failed="0" skipped="0">
  <reporter-output>
  </reporter-output>
  <suite started-at="2024-09-03T11:04:15 IST" name="Suite" finished-at="2024-09-03T11:05:54 IST" duration-ms="98887">
    <groups>
    </groups>
    <test started-at="2024-09-03T11:04:15 IST" name="Test" finished-at="2024-09-03T11:05:54 IST" duration-ms="98887">
      <class name="api.test.ShawTests">
        <test-method signature="PayloadReport(java.lang.String,java.lang.String,java.lang.String,java.lang.String)[pri:0, instance:api.test.ShawTests@742ff096]" started-at="2024-09-03T11:04:16 IST" name="PayloadReport" data-provider="Data" finished-at="2024-09-03T11:05:07 IST" duration-ms="51089" status="PASS">
          <params>
            <param index="0">
              <value>
                <![CDATA[SR]]>
              </value>
            </param>
            <param index="1">
              <value>
                <![CDATA[CG-SH3-264f]]>
              </value>
            </param>
            <param index="2">
              <value>
                <![CDATA[2]]>
              </value>
            </param>
            <param index="3">
              <value>
                <![CDATA[./ExpectedOutput/ExpectedBody5.txt]]>
              </value>
            </param>
          </params>
          <reporter-output>
          </reporter-output>
        </test-method> <!-- PayloadReport -->
        <test-method signature="PayloadReport(java.lang.String,java.lang.String,java.lang.String,java.lang.String)[pri:0, instance:api.test.ShawTests@742ff096]" started-at="2024-09-03T11:05:07 IST" name="PayloadReport" data-provider="Data" finished-at="2024-09-03T11:05:53 IST" duration-ms="46001" status="PASS">
          <params>
            <param index="0">
              <value>
                <![CDATA[Optical_Receiver]]>
              </value>
            </param>
            <param index="1">
              <value>
                <![CDATA[CG-SH3-264f]]>
              </value>
            </param>
            <param index="2">
              <value>
                <![CDATA[2]]>
              </value>
            </param>
            <param index="3">
              <value>
                <![CDATA[./ExpectedOutput/ExpectedBody6.txt]]>
              </value>
            </param>
          </params>
          <reporter-output>
          </reporter-output>
        </test-method> <!-- PayloadReport -->
      </class> <!-- api.test.ShawTests -->
    </test> <!-- Test -->
  </suite> <!-- Suite -->
</testng-results>
